{
  "stats": {
    "suites": 160,
    "tests": 222,
    "passes": 202,
    "pending": 20,
    "failures": 0,
    "start": "2020-02-28T06:20:12.751Z",
    "end": "2020-02-28T06:23:11.850Z",
    "duration": 179099,
    "testsRegistered": 223,
    "passPercent": 99.50738916256158,
    "pendingPercent": 8.968609865470851,
    "other": 0,
    "hasOther": false,
    "skipped": 1,
    "hasSkipped": true
  },
  "results": [
    {
      "uuid": "d15c3421-9942-4cf1-a7ae-83a5a734efe3",
      "title": "",
      "fullFile": "",
      "file": "",
      "beforeHooks": [],
      "afterHooks": [],
      "tests": [
        {
          "title": "gets subscription list",
          "fullTitle": "gets subscription list",
          "timedOut": false,
          "duration": 0,
          "state": null,
          "speed": null,
          "pass": false,
          "fail": false,
          "pending": false,
          "context": null,
          "code": "const response = await stream.getSubscriptionList();\nchai_1.expect(response.error).to.be.false;",
          "err": {},
          "uuid": "768b7ad2-19bf-43ca-8071-47c260a50967",
          "parentUUID": "d15c3421-9942-4cf1-a7ae-83a5a734efe3",
          "isHook": false,
          "skipped": true
        }
      ],
      "suites": [
        {
          "uuid": "9a01ea19-dc8f-499b-bd19-f6f2595a0ed7",
          "title": "Creating a Fabric",
          "fullFile": "/home/abhishek/Documents/Macrometa/jsC8/lib/async/test/00-basics.js",
          "file": "/lib/async/test/00-basics.js",
          "beforeHooks": [],
          "afterHooks": [],
          "tests": [],
          "suites": [
            {
              "uuid": "361249ab-befd-44c4-a437-444641e43d99",
              "title": "using the factory",
              "fullFile": "/home/abhishek/Documents/Macrometa/jsC8/lib/async/test/00-basics.js",
              "file": "/lib/async/test/00-basics.js",
              "beforeHooks": [],
              "afterHooks": [],
              "tests": [
                {
                  "title": "returns a Fabric instance",
                  "fullTitle": "Creating a Fabric using the factory returns a Fabric instance",
                  "timedOut": false,
                  "duration": 1,
                  "state": "passed",
                  "speed": "fast",
                  "pass": true,
                  "fail": false,
                  "pending": false,
                  "context": null,
                  "code": "chai_1.expect(fabric).to.be.an.instanceof(jsC8_1.Fabric);",
                  "err": {},
                  "uuid": "c69838d7-bafb-415d-ad8c-373b6bead6b2",
                  "parentUUID": "361249ab-befd-44c4-a437-444641e43d99",
                  "isHook": false,
                  "skipped": false
                },
                {
                  "title": "passes any configs to the connection",
                  "fullTitle": "Creating a Fabric using the factory passes any configs to the connection",
                  "timedOut": false,
                  "duration": 1,
                  "state": "passed",
                  "speed": "fast",
                  "pass": true,
                  "fail": false,
                  "pending": false,
                  "context": null,
                  "code": "chai_1.expect(fabric._connection).to.have.property(\"_c8Version\", 54321);",
                  "err": {},
                  "uuid": "1d614884-4a32-4528-9baa-00f7ee30c811",
                  "parentUUID": "361249ab-befd-44c4-a437-444641e43d99",
                  "isHook": false,
                  "skipped": false
                }
              ],
              "suites": [],
              "passes": [
                "c69838d7-bafb-415d-ad8c-373b6bead6b2",
                "1d614884-4a32-4528-9baa-00f7ee30c811"
              ],
              "failures": [],
              "pending": [],
              "skipped": [],
              "duration": 2,
              "root": false,
              "rootEmpty": false,
              "_timeout": 60000
            },
            {
              "uuid": "bb1d8974-7057-47f8-b8f5-4b35a5e79bc2",
              "title": "using the constructor",
              "fullFile": "/home/abhishek/Documents/Macrometa/jsC8/lib/async/test/00-basics.js",
              "file": "/lib/async/test/00-basics.js",
              "beforeHooks": [],
              "afterHooks": [],
              "tests": [
                {
                  "title": "returns a Fabric instance",
                  "fullTitle": "Creating a Fabric using the constructor returns a Fabric instance",
                  "timedOut": false,
                  "duration": 1,
                  "state": "passed",
                  "speed": "fast",
                  "pass": true,
                  "fail": false,
                  "pending": false,
                  "context": null,
                  "code": "chai_1.expect(fabric).to.be.an.instanceof(jsC8_1.Fabric);",
                  "err": {},
                  "uuid": "fe1196e3-80ca-4fab-989c-fa8da1cd49ad",
                  "parentUUID": "bb1d8974-7057-47f8-b8f5-4b35a5e79bc2",
                  "isHook": false,
                  "skipped": false
                },
                {
                  "title": "passes any configs to the connection",
                  "fullTitle": "Creating a Fabric using the constructor passes any configs to the connection",
                  "timedOut": false,
                  "duration": 0,
                  "state": "passed",
                  "speed": "fast",
                  "pass": true,
                  "fail": false,
                  "pending": false,
                  "context": null,
                  "code": "chai_1.expect(fabric._connection).to.have.property(\"_c8Version\", 43210);",
                  "err": {},
                  "uuid": "ad675251-544a-4ce5-9cab-1a03a1d44c15",
                  "parentUUID": "bb1d8974-7057-47f8-b8f5-4b35a5e79bc2",
                  "isHook": false,
                  "skipped": false
                }
              ],
              "suites": [],
              "passes": [
                "fe1196e3-80ca-4fab-989c-fa8da1cd49ad",
                "ad675251-544a-4ce5-9cab-1a03a1d44c15"
              ],
              "failures": [],
              "pending": [],
              "skipped": [],
              "duration": 1,
              "root": false,
              "rootEmpty": false,
              "_timeout": 60000
            }
          ],
          "passes": [],
          "failures": [],
          "pending": [],
          "skipped": [],
          "duration": 0,
          "root": false,
          "rootEmpty": false,
          "_timeout": 60000
        },
        {
          "uuid": "d6c0c98e-6e91-46a9-b320-2027b8ecda2d",
          "title": "Configuring the driver",
          "fullFile": "/home/abhishek/Documents/Macrometa/jsC8/lib/async/test/00-basics.js",
          "file": "/lib/async/test/00-basics.js",
          "beforeHooks": [],
          "afterHooks": [],
          "tests": [],
          "suites": [
            {
              "uuid": "b4480c7b-54d7-4cbd-b203-72a923151d5e",
              "title": "with a string",
              "fullFile": "/home/abhishek/Documents/Macrometa/jsC8/lib/async/test/00-basics.js",
              "file": "/lib/async/test/00-basics.js",
              "beforeHooks": [],
              "afterHooks": [],
              "tests": [
                {
                  "title": "sets the url",
                  "fullTitle": "Configuring the driver with a string sets the url",
                  "timedOut": false,
                  "duration": 0,
                  "state": null,
                  "speed": null,
                  "pass": false,
                  "fail": false,
                  "pending": true,
                  "context": null,
                  "code": "",
                  "err": {},
                  "uuid": "d3a02332-c9b7-4d74-98ab-e2c49d0f4e57",
                  "parentUUID": "b4480c7b-54d7-4cbd-b203-72a923151d5e",
                  "isHook": false,
                  "skipped": false
                }
              ],
              "suites": [],
              "passes": [],
              "failures": [],
              "pending": [
                "d3a02332-c9b7-4d74-98ab-e2c49d0f4e57"
              ],
              "skipped": [],
              "duration": 0,
              "root": false,
              "rootEmpty": false,
              "_timeout": 60000
            },
            {
              "uuid": "3783e02d-d36d-42e7-9dc2-2271663de985",
              "title": "with headers",
              "fullFile": "/home/abhishek/Documents/Macrometa/jsC8/lib/async/test/00-basics.js",
              "file": "/lib/async/test/00-basics.js",
              "beforeHooks": [],
              "afterHooks": [],
              "tests": [
                {
                  "title": "applies the headers",
                  "fullTitle": "Configuring the driver with headers applies the headers",
                  "timedOut": false,
                  "duration": 1,
                  "state": "passed",
                  "speed": "fast",
                  "pass": true,
                  "fail": false,
                  "pending": false,
                  "context": null,
                  "code": "const conn = new connection_1.Connection({\n    headers: {\n        \"x-one\": \"1\",\n        \"x-two\": \"2\"\n    }\n});\nconn._hosts = [\n    ({ headers }) => {\n        chai_1.expect(headers).to.have.property(\"x-one\", \"1\");\n        chai_1.expect(headers).to.have.property(\"x-two\", \"2\");\n        done();\n    }\n];\nconn.request({ headers: {} }, () => { });",
                  "err": {},
                  "uuid": "e0f6c576-6495-4a51-929d-8041fb4153d3",
                  "parentUUID": "3783e02d-d36d-42e7-9dc2-2271663de985",
                  "isHook": false,
                  "skipped": false
                }
              ],
              "suites": [],
              "passes": [
                "e0f6c576-6495-4a51-929d-8041fb4153d3"
              ],
              "failures": [],
              "pending": [],
              "skipped": [],
              "duration": 1,
              "root": false,
              "rootEmpty": false,
              "_timeout": 60000
            },
            {
              "uuid": "6dcd27a1-fd36-48f5-b025-97b89fac5f68",
              "title": "with an c8Version",
              "fullFile": "/home/abhishek/Documents/Macrometa/jsC8/lib/async/test/00-basics.js",
              "file": "/lib/async/test/00-basics.js",
              "beforeHooks": [],
              "afterHooks": [],
              "tests": [
                {
                  "title": "sets the x-c8-version header",
                  "fullTitle": "Configuring the driver with an c8Version sets the x-c8-version header",
                  "timedOut": false,
                  "duration": 0,
                  "state": "passed",
                  "speed": "fast",
                  "pass": true,
                  "fail": false,
                  "pending": false,
                  "context": null,
                  "code": "const conn = new connection_1.Connection({ c8Version: 99999 });\nconn._hosts = [\n    ({ headers }) => {\n        chai_1.expect(headers).to.have.property(\"x-c8-version\", \"99999\");\n        done();\n    }\n];\nconn.request({ headers: {} }, () => { });",
                  "err": {},
                  "uuid": "2ca4d630-2c3f-4a7a-9e43-59757ec2f91a",
                  "parentUUID": "6dcd27a1-fd36-48f5-b025-97b89fac5f68",
                  "isHook": false,
                  "skipped": false
                }
              ],
              "suites": [],
              "passes": [
                "2ca4d630-2c3f-4a7a-9e43-59757ec2f91a"
              ],
              "failures": [],
              "pending": [],
              "skipped": [],
              "duration": 0,
              "root": false,
              "rootEmpty": false,
              "_timeout": 60000
            },
            {
              "uuid": "6728db30-75a8-4e4b-b537-fded6d8736cf",
              "title": "with agentOptions",
              "fullFile": "/home/abhishek/Documents/Macrometa/jsC8/lib/async/test/00-basics.js",
              "file": "/lib/async/test/00-basics.js",
              "beforeHooks": [
                {
                  "title": "\"before all\" hook",
                  "fullTitle": "Configuring the driver with agentOptions \"before all\" hook",
                  "timedOut": false,
                  "duration": 0,
                  "state": null,
                  "speed": null,
                  "pass": false,
                  "fail": false,
                  "pending": false,
                  "context": null,
                  "code": "let Agent = (ptcl) => function (opts) {\n    protocol = ptcl;\n    options = opts;\n    return () => null;\n};\nhttp.Agent = Agent(\"http\");\nhttps.Agent = Agent(\"https\");",
                  "err": {},
                  "uuid": "5f56de88-6515-4c85-adea-a73270337f1f",
                  "parentUUID": "6728db30-75a8-4e4b-b537-fded6d8736cf",
                  "isHook": true,
                  "skipped": false
                },
                {
                  "title": "\"before each\" hook",
                  "fullTitle": "Configuring the driver with agentOptions \"before each\" hook",
                  "timedOut": false,
                  "duration": 0,
                  "state": null,
                  "speed": null,
                  "pass": false,
                  "fail": false,
                  "pending": false,
                  "context": null,
                  "code": "protocol = undefined;\noptions = undefined;",
                  "err": {},
                  "uuid": "e57bdf58-83bf-4e7e-bbd5-2cfc0753c59d",
                  "parentUUID": "6728db30-75a8-4e4b-b537-fded6d8736cf",
                  "isHook": true,
                  "skipped": false
                }
              ],
              "afterHooks": [
                {
                  "title": "\"after all\" hook",
                  "fullTitle": "Configuring the driver with agentOptions \"after all\" hook",
                  "timedOut": false,
                  "duration": 0,
                  "state": null,
                  "speed": null,
                  "pass": false,
                  "fail": false,
                  "pending": false,
                  "context": null,
                  "code": "http.Agent = _httpAgent;\nhttps.Agent = _httpsAgent;",
                  "err": {},
                  "uuid": "c0c0a18e-b9d8-4d12-920d-b4e9048586a6",
                  "parentUUID": "6728db30-75a8-4e4b-b537-fded6d8736cf",
                  "isHook": true,
                  "skipped": false
                }
              ],
              "tests": [
                {
                  "title": "passes the agentOptions to the agent",
                  "fullTitle": "Configuring the driver with agentOptions passes the agentOptions to the agent",
                  "timedOut": false,
                  "duration": 0,
                  "state": "passed",
                  "speed": "fast",
                  "pass": true,
                  "fail": false,
                  "pending": false,
                  "context": null,
                  "code": "new connection_1.Connection({ agentOptions: { hello: \"world\" } }); // eslint-disable-line no-new\nchai_1.expect(options).to.have.property(\"hello\", \"world\");",
                  "err": {},
                  "uuid": "1eb3a1cc-652c-492c-b5c5-dbe5607a0df5",
                  "parentUUID": "6728db30-75a8-4e4b-b537-fded6d8736cf",
                  "isHook": false,
                  "skipped": false
                },
                {
                  "title": "uses the built-in agent for the protocol",
                  "fullTitle": "Configuring the driver with agentOptions uses the built-in agent for the protocol",
                  "timedOut": false,
                  "duration": 1,
                  "state": "passed",
                  "speed": "fast",
                  "pass": true,
                  "fail": false,
                  "pending": false,
                  "context": null,
                  "code": "// default: http\nnew connection_1.Connection(); // eslint-disable-line no-new\n// expect(protocol).to.equal(\"http\");\nnew connection_1.Connection(\"https://test.macrometa.io\"); // eslint-disable-line no-new\nchai_1.expect(protocol).to.equal(\"https\");",
                  "err": {},
                  "uuid": "1fef74ff-99ed-4ed3-8180-fd6ff9db9ede",
                  "parentUUID": "6728db30-75a8-4e4b-b537-fded6d8736cf",
                  "isHook": false,
                  "skipped": false
                }
              ],
              "suites": [],
              "passes": [
                "1eb3a1cc-652c-492c-b5c5-dbe5607a0df5",
                "1fef74ff-99ed-4ed3-8180-fd6ff9db9ede"
              ],
              "failures": [],
              "pending": [],
              "skipped": [],
              "duration": 1,
              "root": false,
              "rootEmpty": false,
              "_timeout": 60000
            },
            {
              "uuid": "f08d813d-4a18-4a7b-9e2a-8be6e658700d",
              "title": "with agent",
              "fullFile": "/home/abhishek/Documents/Macrometa/jsC8/lib/async/test/00-basics.js",
              "file": "/lib/async/test/00-basics.js",
              "beforeHooks": [
                {
                  "title": "\"before all\" hook",
                  "fullTitle": "Configuring the driver with agent \"before all\" hook",
                  "timedOut": false,
                  "duration": 0,
                  "state": null,
                  "speed": null,
                  "pass": false,
                  "fail": false,
                  "pending": false,
                  "context": null,
                  "code": "let Request = (ptcl) => (opts) => {\n    protocol = ptcl;\n    options = opts;\n    return {\n        on() {\n            return this;\n        },\n        end() {\n            return this;\n        }\n    };\n};\nhttp.request = Request(\"http\");\nhttps.request = Request(\"https\");",
                  "err": {},
                  "uuid": "c68b100b-5fce-43ff-aedb-146e0cd73be9",
                  "parentUUID": "f08d813d-4a18-4a7b-9e2a-8be6e658700d",
                  "isHook": true,
                  "skipped": false
                },
                {
                  "title": "\"before each\" hook",
                  "fullTitle": "Configuring the driver with agent \"before each\" hook",
                  "timedOut": false,
                  "duration": 0,
                  "state": null,
                  "speed": null,
                  "pass": false,
                  "fail": false,
                  "pending": false,
                  "context": null,
                  "code": "protocol = undefined;\noptions = undefined;",
                  "err": {},
                  "uuid": "dcff0637-8170-46ec-8e6f-a0ccf50554d1",
                  "parentUUID": "f08d813d-4a18-4a7b-9e2a-8be6e658700d",
                  "isHook": true,
                  "skipped": false
                }
              ],
              "afterHooks": [
                {
                  "title": "\"after all\" hook",
                  "fullTitle": "Configuring the driver with agent \"after all\" hook",
                  "timedOut": false,
                  "duration": 0,
                  "state": null,
                  "speed": null,
                  "pass": false,
                  "fail": false,
                  "pending": false,
                  "context": null,
                  "code": "http.request = _httpRequest;\nhttps.request = _httpsRequest;",
                  "err": {},
                  "uuid": "bccecc3c-501d-40b8-8699-53f9dbc2a03c",
                  "parentUUID": "f08d813d-4a18-4a7b-9e2a-8be6e658700d",
                  "isHook": true,
                  "skipped": false
                }
              ],
              "tests": [
                {
                  "title": "passes the agent to the request function",
                  "fullTitle": "Configuring the driver with agent passes the agent to the request function",
                  "timedOut": false,
                  "duration": 1,
                  "state": "passed",
                  "speed": "fast",
                  "pass": true,
                  "fail": false,
                  "pending": false,
                  "context": null,
                  "code": "let agent = Symbol(\"agent\");\nlet conn;\nconn = new connection_1.Connection({ agent }); // default: https\nconn.request({ headers: {} }, () => { });\nchai_1.expect(options).to.have.property(\"agent\", agent);\nagent = Symbol(\"agent\");\nconn = new connection_1.Connection({ agent, url: \"https://test.macrometa.io\" });\nconn.request({ headers: {} }, () => { });\nchai_1.expect(options).to.have.property(\"agent\", agent);",
                  "err": {},
                  "uuid": "8ba28f34-4b62-4590-b3f9-267e92a5ce48",
                  "parentUUID": "f08d813d-4a18-4a7b-9e2a-8be6e658700d",
                  "isHook": false,
                  "skipped": false
                },
                {
                  "title": "uses the request function for the protocol",
                  "fullTitle": "Configuring the driver with agent uses the request function for the protocol",
                  "timedOut": false,
                  "duration": 0,
                  "state": "passed",
                  "speed": "fast",
                  "pass": true,
                  "fail": false,
                  "pending": false,
                  "context": null,
                  "code": "const agent = Symbol(\"agent\");\nlet conn;\nconn = new connection_1.Connection({ agent }); // default: http\nconn.request({ headers: {} }, () => { });\nchai_1.expect(protocol).to.equal(\"https\");\nconn = new connection_1.Connection({ agent, url: \"https://test.macrometa.io\" });\nconn.request({ headers: {} }, () => { });\nchai_1.expect(protocol).to.equal(\"https\");",
                  "err": {},
                  "uuid": "ff8d427a-800c-43d5-980f-ffedde6d205e",
                  "parentUUID": "f08d813d-4a18-4a7b-9e2a-8be6e658700d",
                  "isHook": false,
                  "skipped": false
                },
                {
                  "title": "calls Agent#destroy when the connection is closed",
                  "fullTitle": "Configuring the driver with agent calls Agent#destroy when the connection is closed",
                  "timedOut": false,
                  "duration": 1,
                  "state": "passed",
                  "speed": "fast",
                  "pass": true,
                  "fail": false,
                  "pending": false,
                  "context": null,
                  "code": "const agent = {\n    _destroyed: false,\n    destroy() {\n        this._destroyed = true;\n    }\n};\nconst conn = new connection_1.Connection({ agent });\nchai_1.expect(agent._destroyed).to.equal(false);\nconn.close();\nchai_1.expect(agent._destroyed).to.equal(true);",
                  "err": {},
                  "uuid": "59f91b92-c250-49bc-86a5-ad44e62fc0f3",
                  "parentUUID": "f08d813d-4a18-4a7b-9e2a-8be6e658700d",
                  "isHook": false,
                  "skipped": false
                }
              ],
              "suites": [],
              "passes": [
                "8ba28f34-4b62-4590-b3f9-267e92a5ce48",
                "ff8d427a-800c-43d5-980f-ffedde6d205e",
                "59f91b92-c250-49bc-86a5-ad44e62fc0f3"
              ],
              "failures": [],
              "pending": [],
              "skipped": [],
              "duration": 2,
              "root": false,
              "rootEmpty": false,
              "_timeout": 60000
            }
          ],
          "passes": [],
          "failures": [],
          "pending": [],
          "skipped": [],
          "duration": 0,
          "root": false,
          "rootEmpty": false,
          "_timeout": 60000
        },
        {
          "uuid": "64fd7f58-6253-465a-a190-0246142b5ec6",
          "title": "Manipulating fabrics",
          "fullFile": "/home/abhishek/Documents/Macrometa/jsC8/lib/async/test/01-manipulating-fabrics.js",
          "file": "/lib/async/test/01-manipulating-fabrics.js",
          "beforeHooks": [
            {
              "title": "\"before all\" hook",
              "fullTitle": "Manipulating fabrics \"before all\" hook",
              "timedOut": false,
              "duration": 905,
              "state": null,
              "speed": null,
              "pass": false,
              "fail": false,
              "pending": false,
              "context": null,
              "code": "fabric = new jsC8_1.Fabric({\n    url: testUrl,\n    c8Version: C8_VERSION\n});\nawait fabric.login(\"guest@macrometa.io\", \"guest\");\nfabric.useTenant(\"guest\");\nconst response = await fabric.getAllEdgeLocations();\ndcList = helper_1.getDCListString(response);",
              "err": {},
              "uuid": "571a36be-c31d-40c9-a01e-13468014d4a6",
              "parentUUID": "64fd7f58-6253-465a-a190-0246142b5ec6",
              "isHook": true,
              "skipped": false
            },
            {
              "title": "\"before all\" hook",
              "fullTitle": "Manipulating fabrics \"before all\" hook",
              "timedOut": false,
              "duration": 1935,
              "state": null,
              "speed": null,
              "pass": false,
              "fail": false,
              "pending": false,
              "context": null,
              "code": "const fabric2 = new jsC8_1.Fabric({\n    url: testUrl\n});\nawait fabric2.login(\"guest@macrometa.io\", \"guest\");\nfabric2.useTenant(\"guest\");\ncollection = fabric2.collection(collectionName);\nawait collection.create();",
              "err": {},
              "uuid": "177466ab-d6d0-49bc-80e8-010f22bb8447",
              "parentUUID": "64fd7f58-6253-465a-a190-0246142b5ec6",
              "isHook": true,
              "skipped": false
            },
            {
              "title": "\"before each\" hook",
              "fullTitle": "Manipulating fabrics \"before each\" hook",
              "timedOut": false,
              "duration": 1220,
              "state": null,
              "speed": null,
              "pass": false,
              "fail": false,
              "pending": false,
              "context": null,
              "code": "fabric = new jsC8_1.Fabric({\n    url: testUrl,\n    c8Version: C8_VERSION\n});\nawait fabric.login(\"guest@macrometa.io\", \"guest\");\nfabric.useTenant(\"guest\");\nconst response = await fabric.getAllEdgeLocations();\ndcList = helper_1.getDCListString(response);",
              "err": {},
              "uuid": "2d0c3baa-65fd-4e62-aaf2-157ffc900a7f",
              "parentUUID": "64fd7f58-6253-465a-a190-0246142b5ec6",
              "isHook": true,
              "skipped": false
            },
            {
              "title": "\"before each\" hook",
              "fullTitle": "Manipulating fabrics \"before each\" hook",
              "timedOut": false,
              "duration": 0,
              "state": null,
              "speed": null,
              "pass": false,
              "fail": false,
              "pending": false,
              "context": null,
              "code": "fabric.useFabric(\"_system\")",
              "err": {},
              "uuid": "cb85c0dc-89b1-405c-9779-a7862a3c1605",
              "parentUUID": "64fd7f58-6253-465a-a190-0246142b5ec6",
              "isHook": true,
              "skipped": false
            }
          ],
          "afterHooks": [
            {
              "title": "\"after all\" hook",
              "fullTitle": "Manipulating fabrics \"after all\" hook",
              "timedOut": false,
              "duration": 0,
              "state": null,
              "speed": null,
              "pass": false,
              "fail": false,
              "pending": false,
              "context": null,
              "code": "fabric.close();",
              "err": {},
              "uuid": "038c993b-7489-4320-a317-96e7f8f09be0",
              "parentUUID": "64fd7f58-6253-465a-a190-0246142b5ec6",
              "isHook": true,
              "skipped": false
            },
            {
              "title": "\"after all\" hook",
              "fullTitle": "Manipulating fabrics \"after all\" hook",
              "timedOut": false,
              "duration": 706,
              "state": null,
              "speed": null,
              "pass": false,
              "fail": false,
              "pending": false,
              "context": null,
              "code": "await collection.drop();",
              "err": {},
              "uuid": "9b8332e7-6122-429e-b21f-ce2162c75b90",
              "parentUUID": "64fd7f58-6253-465a-a190-0246142b5ec6",
              "isHook": true,
              "skipped": false
            },
            {
              "title": "\"after each\" hook",
              "fullTitle": "Manipulating fabrics \"after each\" hook",
              "timedOut": false,
              "duration": 1,
              "state": null,
              "speed": null,
              "pass": false,
              "fail": false,
              "pending": false,
              "context": null,
              "code": "fabric.close();",
              "err": {},
              "uuid": "fcefcdb1-b530-4f98-8e4d-f713f7872fc4",
              "parentUUID": "64fd7f58-6253-465a-a190-0246142b5ec6",
              "isHook": true,
              "skipped": false
            }
          ],
          "tests": [],
          "suites": [
            {
              "uuid": "dcefda8a-557d-4c00-8b0d-dbeada7316f4",
              "title": "fabric.version",
              "fullFile": "/home/abhishek/Documents/Macrometa/jsC8/lib/async/test/01-manipulating-fabrics.js",
              "file": "/lib/async/test/01-manipulating-fabrics.js",
              "beforeHooks": [],
              "afterHooks": [],
              "tests": [
                {
                  "title": "should return the version object when no details are required",
                  "fullTitle": "Manipulating fabrics fabric.version should return the version object when no details are required",
                  "timedOut": false,
                  "duration": 120,
                  "state": "passed",
                  "speed": "slow",
                  "pass": true,
                  "fail": false,
                  "pending": false,
                  "context": null,
                  "code": "const response = await fabric.version();\nchai_1.expect(response.server).to.equal(\"C8DB\");",
                  "err": {},
                  "uuid": "d3620ce6-463e-4c69-8bf4-301898a1b8e0",
                  "parentUUID": "dcefda8a-557d-4c00-8b0d-dbeada7316f4",
                  "isHook": false,
                  "skipped": false
                },
                {
                  "title": "should return the version object when details are required",
                  "fullTitle": "Manipulating fabrics fabric.version should return the version object when details are required",
                  "timedOut": false,
                  "duration": 205,
                  "state": "passed",
                  "speed": "slow",
                  "pass": true,
                  "fail": false,
                  "pending": false,
                  "context": null,
                  "code": "const response = await fabric.version(true);\nchai_1.expect(response.server).to.equal(\"C8DB\");\nchai_1.expect(response.details).to.haveOwnProperty(\"architecture\");",
                  "err": {},
                  "uuid": "52f4368b-1755-4eec-bdfd-b55b3d547e58",
                  "parentUUID": "dcefda8a-557d-4c00-8b0d-dbeada7316f4",
                  "isHook": false,
                  "skipped": false
                }
              ],
              "suites": [],
              "passes": [
                "d3620ce6-463e-4c69-8bf4-301898a1b8e0",
                "52f4368b-1755-4eec-bdfd-b55b3d547e58"
              ],
              "failures": [],
              "pending": [],
              "skipped": [],
              "duration": 325,
              "root": false,
              "rootEmpty": false,
              "_timeout": 60000
            },
            {
              "uuid": "ec205fa9-8660-4369-8c58-4f682ea14fcd",
              "title": "fabric.useFabric",
              "fullFile": "/home/abhishek/Documents/Macrometa/jsC8/lib/async/test/01-manipulating-fabrics.js",
              "file": "/lib/async/test/01-manipulating-fabrics.js",
              "beforeHooks": [],
              "afterHooks": [],
              "tests": [
                {
                  "title": "updates the fabric name",
                  "fullTitle": "Manipulating fabrics fabric.useFabric updates the fabric name",
                  "timedOut": false,
                  "duration": 0,
                  "state": "passed",
                  "speed": "fast",
                  "pass": true,
                  "fail": false,
                  "pending": false,
                  "context": null,
                  "code": "const name = \"example\";\nchai_1.expect(fabric.name).to.equal(\"_system\"); // default\nfabric.useFabric(name);\nchai_1.expect(fabric._connection).to.have.property(\"_fabricName\", name);\nchai_1.expect(fabric.name).to.equal(name);",
                  "err": {},
                  "uuid": "add4820b-2538-4e9b-b4ea-b531177e57cb",
                  "parentUUID": "ec205fa9-8660-4369-8c58-4f682ea14fcd",
                  "isHook": false,
                  "skipped": false
                },
                {
                  "title": "returns itself",
                  "fullTitle": "Manipulating fabrics fabric.useFabric returns itself",
                  "timedOut": false,
                  "duration": 0,
                  "state": "passed",
                  "speed": "fast",
                  "pass": true,
                  "fail": false,
                  "pending": false,
                  "context": null,
                  "code": "const fabric2 = fabric.useFabric(\"nope\");\nchai_1.expect(fabric).to.equal(fabric2);",
                  "err": {},
                  "uuid": "25a6fd01-b50e-4a14-9c18-0eb608c63455",
                  "parentUUID": "ec205fa9-8660-4369-8c58-4f682ea14fcd",
                  "isHook": false,
                  "skipped": false
                }
              ],
              "suites": [],
              "passes": [
                "add4820b-2538-4e9b-b4ea-b531177e57cb",
                "25a6fd01-b50e-4a14-9c18-0eb608c63455"
              ],
              "failures": [],
              "pending": [],
              "skipped": [],
              "duration": 0,
              "root": false,
              "rootEmpty": false,
              "_timeout": 60000
            },
            {
              "uuid": "ee7c73f2-88b4-4f81-bd70-5086ff7bc1ab",
              "title": "fabric.edgeLocations",
              "fullFile": "/home/abhishek/Documents/Macrometa/jsC8/lib/async/test/01-manipulating-fabrics.js",
              "file": "/lib/async/test/01-manipulating-fabrics.js",
              "beforeHooks": [],
              "afterHooks": [],
              "tests": [
                {
                  "title": "gets all the edge locations",
                  "fullTitle": "Manipulating fabrics fabric.edgeLocations gets all the edge locations",
                  "timedOut": false,
                  "duration": 210,
                  "state": "passed",
                  "speed": "slow",
                  "pass": true,
                  "fail": false,
                  "pending": false,
                  "context": null,
                  "code": "const response = await fabric.getAllEdgeLocations();\nchai_1.expect(Array.isArray(response)).to.be.true;\nchai_1.expect(response[0]).to.haveOwnProperty(\"_id\");\nchai_1.expect(response[0]).to.haveOwnProperty(\"name\");\nchai_1.expect(response[0]).to.haveOwnProperty(\"tags\");\nchai_1.expect(response.length).to.be.greaterThan(0);",
                  "err": {},
                  "uuid": "d7d396a0-350d-49e7-975b-a5670ac81427",
                  "parentUUID": "ee7c73f2-88b4-4f81-bd70-5086ff7bc1ab",
                  "isHook": false,
                  "skipped": false
                },
                {
                  "title": "gets local edge location",
                  "fullTitle": "Manipulating fabrics fabric.edgeLocations gets local edge location",
                  "timedOut": false,
                  "duration": 136,
                  "state": "passed",
                  "speed": "slow",
                  "pass": true,
                  "fail": false,
                  "pending": false,
                  "context": null,
                  "code": "const response = await fabric.getLocalEdgeLocation();\nchai_1.expect(Array.isArray(response)).to.be.false;\nchai_1.expect(response).to.haveOwnProperty(\"_id\");\nchai_1.expect(response).to.haveOwnProperty(\"name\");\nchai_1.expect(response).to.haveOwnProperty(\"tags\");",
                  "err": {},
                  "uuid": "e3de1153-bb8f-45c6-9f62-864b23532d00",
                  "parentUUID": "ee7c73f2-88b4-4f81-bd70-5086ff7bc1ab",
                  "isHook": false,
                  "skipped": false
                }
              ],
              "suites": [],
              "passes": [
                "d7d396a0-350d-49e7-975b-a5670ac81427",
                "e3de1153-bb8f-45c6-9f62-864b23532d00"
              ],
              "failures": [],
              "pending": [],
              "skipped": [],
              "duration": 346,
              "root": false,
              "rootEmpty": false,
              "_timeout": 60000
            },
            {
              "uuid": "f3be13c7-b72e-49c2-a01f-7c88fa997aea",
              "title": "fabric.createFabric",
              "fullFile": "/home/abhishek/Documents/Macrometa/jsC8/lib/async/test/01-manipulating-fabrics.js",
              "file": "/lib/async/test/01-manipulating-fabrics.js",
              "beforeHooks": [],
              "afterHooks": [
                {
                  "title": "\"after each\" hook",
                  "fullTitle": "Manipulating fabrics fabric.createFabric \"after each\" hook",
                  "timedOut": false,
                  "duration": 204,
                  "state": null,
                  "speed": null,
                  "pass": false,
                  "fail": false,
                  "pending": false,
                  "context": null,
                  "code": "fabric.useFabric(\"_system\");\nawait fabric.dropFabric(name);",
                  "err": {},
                  "uuid": "e0bae9ed-31a3-4951-824b-5e0bc95c476f",
                  "parentUUID": "f3be13c7-b72e-49c2-a01f-7c88fa997aea",
                  "isHook": true,
                  "skipped": false
                }
              ],
              "tests": [
                {
                  "title": "creates a fabric with the given name",
                  "fullTitle": "Manipulating fabrics fabric.createFabric creates a fabric with the given name",
                  "timedOut": false,
                  "duration": 520,
                  "state": "passed",
                  "speed": "slow",
                  "pass": true,
                  "fail": false,
                  "pending": false,
                  "context": null,
                  "code": "await fabric.createFabric(name, [{ username: \"root\" }], {\n    dcList: dcList\n});\nfabric.useFabric(name);\nconst info = await fabric.get();\nchai_1.expect(info.name).to.equal(name);",
                  "err": {},
                  "uuid": "0857e2de-59cc-47dc-9fc6-a9a14d1f9898",
                  "parentUUID": "f3be13c7-b72e-49c2-a01f-7c88fa997aea",
                  "isHook": false,
                  "skipped": false
                },
                {
                  "title": "adds the given users to the fabric",
                  "fullTitle": "Manipulating fabrics fabric.createFabric adds the given users to the fabric",
                  "timedOut": false,
                  "duration": 0,
                  "state": null,
                  "speed": null,
                  "pass": false,
                  "fail": false,
                  "pending": true,
                  "context": null,
                  "code": "",
                  "err": {},
                  "uuid": "5ad5dff8-cbb7-4c2c-87f4-ed269e484442",
                  "parentUUID": "f3be13c7-b72e-49c2-a01f-7c88fa997aea",
                  "isHook": false,
                  "skipped": false
                }
              ],
              "suites": [],
              "passes": [
                "0857e2de-59cc-47dc-9fc6-a9a14d1f9898"
              ],
              "failures": [],
              "pending": [
                "5ad5dff8-cbb7-4c2c-87f4-ed269e484442"
              ],
              "skipped": [],
              "duration": 520,
              "root": false,
              "rootEmpty": false,
              "_timeout": 60000
            },
            {
              "uuid": "6f60b0d5-bb67-4ea7-8101-8651f1106d90",
              "title": "fabric.get",
              "fullFile": "/home/abhishek/Documents/Macrometa/jsC8/lib/async/test/01-manipulating-fabrics.js",
              "file": "/lib/async/test/01-manipulating-fabrics.js",
              "beforeHooks": [],
              "afterHooks": [],
              "tests": [
                {
                  "title": "fetches the fabric description if the fabric exists",
                  "fullTitle": "Manipulating fabrics fabric.get fetches the fabric description if the fabric exists",
                  "timedOut": false,
                  "duration": 230,
                  "state": "passed",
                  "speed": "slow",
                  "pass": true,
                  "fail": false,
                  "pending": false,
                  "context": null,
                  "code": "const info = await fabric.get();\nchai_1.expect(info.name).to.equal(fabric.name);\nchai_1.expect(fabric.name).to.equal(\"_system\");",
                  "err": {},
                  "uuid": "18c3f054-f064-485a-95b4-9af7c67d82b6",
                  "parentUUID": "6f60b0d5-bb67-4ea7-8101-8651f1106d90",
                  "isHook": false,
                  "skipped": false
                },
                {
                  "title": "fails if the fabric does not exist",
                  "fullTitle": "Manipulating fabrics fabric.get fails if the fabric does not exist",
                  "timedOut": false,
                  "duration": 135,
                  "state": "passed",
                  "speed": "slow",
                  "pass": true,
                  "fail": false,
                  "pending": false,
                  "context": null,
                  "code": "fabric.useFabric(\"__does_not_exist__\");\ntry {\n    await fabric.get();\n}\ncatch (e) {\n    chai_1.expect(e).to.be.an.instanceof(error_1.C8Error);\n    return;\n}\nchai_1.expect.fail(\"should not succeed\");",
                  "err": {},
                  "uuid": "96764d59-8adf-4420-bfc8-3d985539bf53",
                  "parentUUID": "6f60b0d5-bb67-4ea7-8101-8651f1106d90",
                  "isHook": false,
                  "skipped": false
                }
              ],
              "suites": [],
              "passes": [
                "18c3f054-f064-485a-95b4-9af7c67d82b6",
                "96764d59-8adf-4420-bfc8-3d985539bf53"
              ],
              "failures": [],
              "pending": [],
              "skipped": [],
              "duration": 365,
              "root": false,
              "rootEmpty": false,
              "_timeout": 60000
            },
            {
              "uuid": "3c429233-8b49-4607-9260-2d5f641ffc14",
              "title": "fabric.listFabrics",
              "fullFile": "/home/abhishek/Documents/Macrometa/jsC8/lib/async/test/01-manipulating-fabrics.js",
              "file": "/lib/async/test/01-manipulating-fabrics.js",
              "beforeHooks": [],
              "afterHooks": [],
              "tests": [
                {
                  "title": "returns a list of all fabrics",
                  "fullTitle": "Manipulating fabrics fabric.listFabrics returns a list of all fabrics",
                  "timedOut": false,
                  "duration": 201,
                  "state": "passed",
                  "speed": "slow",
                  "pass": true,
                  "fail": false,
                  "pending": false,
                  "context": null,
                  "code": "const fabrics = await fabric.listFabrics();\nchai_1.expect(fabrics).to.be.an.instanceof(Array);\nchai_1.expect(fabrics.indexOf(\"_system\")).to.be.greaterThan(-1);",
                  "err": {},
                  "uuid": "9d94e315-fe31-47fb-8ddf-b36700774838",
                  "parentUUID": "3c429233-8b49-4607-9260-2d5f641ffc14",
                  "isHook": false,
                  "skipped": false
                }
              ],
              "suites": [],
              "passes": [
                "9d94e315-fe31-47fb-8ddf-b36700774838"
              ],
              "failures": [],
              "pending": [],
              "skipped": [],
              "duration": 201,
              "root": false,
              "rootEmpty": false,
              "_timeout": 60000
            },
            {
              "uuid": "d7027394-256d-4364-bffe-dbe8fd266cf5",
              "title": "fabric.listUserFabrics",
              "fullFile": "/home/abhishek/Documents/Macrometa/jsC8/lib/async/test/01-manipulating-fabrics.js",
              "file": "/lib/async/test/01-manipulating-fabrics.js",
              "beforeHooks": [],
              "afterHooks": [],
              "tests": [
                {
                  "title": "returns a list of fabrics accessible to the active user",
                  "fullTitle": "Manipulating fabrics fabric.listUserFabrics returns a list of fabrics accessible to the active user",
                  "timedOut": false,
                  "duration": 205,
                  "state": "passed",
                  "speed": "slow",
                  "pass": true,
                  "fail": false,
                  "pending": false,
                  "context": null,
                  "code": "const fabrics = await fabric.listUserFabrics();\nchai_1.expect(fabrics).to.be.an.instanceof(Array);\nchai_1.expect(fabrics[0].name).to.equal(\"_system\");",
                  "err": {},
                  "uuid": "41a18566-a1a2-43f3-bc66-4e8bd1e8ce71",
                  "parentUUID": "d7027394-256d-4364-bffe-dbe8fd266cf5",
                  "isHook": false,
                  "skipped": false
                }
              ],
              "suites": [],
              "passes": [
                "41a18566-a1a2-43f3-bc66-4e8bd1e8ce71"
              ],
              "failures": [],
              "pending": [],
              "skipped": [],
              "duration": 205,
              "root": false,
              "rootEmpty": false,
              "_timeout": 60000
            },
            {
              "uuid": "1932cf82-506c-4fb0-8441-8b3f99bbd124",
              "title": "fabric.dropFabric",
              "fullFile": "/home/abhishek/Documents/Macrometa/jsC8/lib/async/test/01-manipulating-fabrics.js",
              "file": "/lib/async/test/01-manipulating-fabrics.js",
              "beforeHooks": [
                {
                  "title": "\"before each\" hook",
                  "fullTitle": "Manipulating fabrics fabric.dropFabric \"before each\" hook",
                  "timedOut": false,
                  "duration": 413,
                  "state": null,
                  "speed": null,
                  "pass": false,
                  "fail": false,
                  "pending": false,
                  "context": null,
                  "code": "await fabric.createFabric(name, [{ username: \"root\" }], {\n    dcList: dcList\n});",
                  "err": {},
                  "uuid": "da3244b0-cc30-4473-ad95-7fd2fa08c1ef",
                  "parentUUID": "1932cf82-506c-4fb0-8441-8b3f99bbd124",
                  "isHook": true,
                  "skipped": false
                }
              ],
              "afterHooks": [],
              "tests": [
                {
                  "title": "deletes the given fabric from the server",
                  "fullTitle": "Manipulating fabrics fabric.dropFabric deletes the given fabric from the server",
                  "timedOut": false,
                  "duration": 240,
                  "state": "passed",
                  "speed": "slow",
                  "pass": true,
                  "fail": false,
                  "pending": false,
                  "context": null,
                  "code": "await fabric.dropFabric(name);\nlet temp = new jsC8_1.Fabric().useFabric(name);\ntry {\n    await temp.get();\n}\ncatch (e) {\n    return;\n}\nfinally {\n    temp.close();\n}\nchai_1.expect.fail(\"should not succeed\");",
                  "err": {},
                  "uuid": "c78c301c-0c1a-434e-89e8-33d06bb004aa",
                  "parentUUID": "1932cf82-506c-4fb0-8441-8b3f99bbd124",
                  "isHook": false,
                  "skipped": false
                }
              ],
              "suites": [],
              "passes": [
                "c78c301c-0c1a-434e-89e8-33d06bb004aa"
              ],
              "failures": [],
              "pending": [],
              "skipped": [],
              "duration": 240,
              "root": false,
              "rootEmpty": false,
              "_timeout": 60000
            },
            {
              "uuid": "69dc8e49-e800-4690-a8fc-27bc15dc6828",
              "title": "fabric.truncate",
              "fullFile": "/home/abhishek/Documents/Macrometa/jsC8/lib/async/test/01-manipulating-fabrics.js",
              "file": "/lib/async/test/01-manipulating-fabrics.js",
              "beforeHooks": [
                {
                  "title": "\"before each\" hook",
                  "fullTitle": "Manipulating fabrics fabric.truncate \"before each\" hook",
                  "timedOut": false,
                  "duration": 1645,
                  "state": null,
                  "speed": null,
                  "pass": false,
                  "fail": false,
                  "pending": false,
                  "context": null,
                  "code": "await fabric.createFabric(name, [{ username: \"root\" }], {\n    dcList: dcList\n});\nfabric.useFabric(name);\nawait Promise.all([\n    ...nonSystemCollections.map(async (name) => {\n        let collection = fabric.collection(name);\n        await collection.create();\n        await collection.save({ _key: \"example\" });\n    }),\n    ...systemCollections.map(async (name) => {\n        let collection = fabric.collection(name);\n        await collection.create({ isSystem: true });\n        await collection.save({ _key: \"example\" });\n    })\n]);",
                  "err": {},
                  "uuid": "91ab563b-5a0a-488f-95a4-073b4c7fb198",
                  "parentUUID": "69dc8e49-e800-4690-a8fc-27bc15dc6828",
                  "isHook": true,
                  "skipped": false
                }
              ],
              "afterHooks": [
                {
                  "title": "\"after each\" hook",
                  "fullTitle": "Manipulating fabrics fabric.truncate \"after each\" hook",
                  "timedOut": false,
                  "duration": 281,
                  "state": null,
                  "speed": null,
                  "pass": false,
                  "fail": false,
                  "pending": false,
                  "context": null,
                  "code": "fabric.useFabric(\"_system\");\nawait fabric.dropFabric(name);",
                  "err": {},
                  "uuid": "d15c36a0-6cee-4b02-875f-9c7b67e941f8",
                  "parentUUID": "69dc8e49-e800-4690-a8fc-27bc15dc6828",
                  "isHook": true,
                  "skipped": false
                }
              ],
              "tests": [
                {
                  "title": "removes all documents from all non-system collections in the fabric",
                  "fullTitle": "Manipulating fabrics fabric.truncate removes all documents from all non-system collections in the fabric",
                  "timedOut": false,
                  "duration": 1545,
                  "state": "passed",
                  "speed": "slow",
                  "pass": true,
                  "fail": false,
                  "pending": false,
                  "context": null,
                  "code": "await fabric.truncate();\nawait Promise.all([\n    ...nonSystemCollections.map(async (name) => {\n        try {\n            await fabric.collection(name).document(\"example\");\n            chai_1.expect.fail(\"Expected document to be destroyed\");\n        }\n        catch (e) {\n            chai_1.expect(e).to.be.an.instanceof(error_1.C8Error);\n            chai_1.expect(e.code).eq(404);\n            return;\n        }\n    }),\n    ...systemCollections.map(async (name) => {\n        try {\n            await fabric.collection(name).document(\"example\");\n            chai_1.expect.fail(\"Expected document to be destroyed\");\n        }\n        catch (e) {\n            chai_1.expect(e).to.be.an.instanceof(error_1.C8Error);\n            chai_1.expect(e.code).eq(404);\n            return;\n        }\n    })\n]);",
                  "err": {},
                  "uuid": "48c6170f-584e-4cc8-a638-179884b57a0c",
                  "parentUUID": "69dc8e49-e800-4690-a8fc-27bc15dc6828",
                  "isHook": false,
                  "skipped": false
                },
                {
                  "title": "additionally truncates system collections if explicitly passed false",
                  "fullTitle": "Manipulating fabrics fabric.truncate additionally truncates system collections if explicitly passed false",
                  "timedOut": false,
                  "duration": 0,
                  "state": null,
                  "speed": null,
                  "pass": false,
                  "fail": false,
                  "pending": true,
                  "context": null,
                  "code": "",
                  "err": {},
                  "uuid": "66061af7-9b65-4cf9-a5e4-0fa0d4a93f08",
                  "parentUUID": "69dc8e49-e800-4690-a8fc-27bc15dc6828",
                  "isHook": false,
                  "skipped": false
                }
              ],
              "suites": [],
              "passes": [
                "48c6170f-584e-4cc8-a638-179884b57a0c"
              ],
              "failures": [],
              "pending": [
                "66061af7-9b65-4cf9-a5e4-0fa0d4a93f08"
              ],
              "skipped": [],
              "duration": 1545,
              "root": false,
              "rootEmpty": false,
              "_timeout": 60000
            },
            {
              "uuid": "6d0a99a8-839b-4341-8851-e03225804e06",
              "title": "fabric.validateQuery",
              "fullFile": "/home/abhishek/Documents/Macrometa/jsC8/lib/async/test/01-manipulating-fabrics.js",
              "file": "/lib/async/test/01-manipulating-fabrics.js",
              "beforeHooks": [],
              "afterHooks": [],
              "tests": [
                {
                  "title": "should validate correct query",
                  "fullTitle": "Manipulating fabrics fabric.validateQuery should validate correct query",
                  "timedOut": false,
                  "duration": 122,
                  "state": "passed",
                  "speed": "slow",
                  "pass": true,
                  "fail": false,
                  "pending": false,
                  "context": null,
                  "code": "const response = await fabric.validateQuery(\"for doc in docs return doc\");\nchai_1.expect(response.error).to.be.false;",
                  "err": {},
                  "uuid": "3c1ca5a2-14d8-45d8-b3eb-820c8e902e53",
                  "parentUUID": "6d0a99a8-839b-4341-8851-e03225804e06",
                  "isHook": false,
                  "skipped": false
                },
                {
                  "title": "should validate incorrect query",
                  "fullTitle": "Manipulating fabrics fabric.validateQuery should validate incorrect query",
                  "timedOut": false,
                  "duration": 121,
                  "state": "passed",
                  "speed": "slow",
                  "pass": true,
                  "fail": false,
                  "pending": false,
                  "context": null,
                  "code": "try {\n    const response = await fabric.validateQuery(\"forrrr doc in docs return doc\");\n    chai_1.expect(response.error).to.be.true;\n}\ncatch (e) {\n    chai_1.expect(e).to.be.an.instanceof(error_1.C8Error);\n}",
                  "err": {},
                  "uuid": "499e24c7-bb89-4f05-bb0d-a18228a0382b",
                  "parentUUID": "6d0a99a8-839b-4341-8851-e03225804e06",
                  "isHook": false,
                  "skipped": false
                }
              ],
              "suites": [],
              "passes": [
                "3c1ca5a2-14d8-45d8-b3eb-820c8e902e53",
                "499e24c7-bb89-4f05-bb0d-a18228a0382b"
              ],
              "failures": [],
              "pending": [],
              "skipped": [],
              "duration": 243,
              "root": false,
              "rootEmpty": false,
              "_timeout": 60000
            },
            {
              "uuid": "c723d27a-1b4a-4c2c-98d1-972c22feedee",
              "title": "fabric.explainQuery",
              "fullFile": "/home/abhishek/Documents/Macrometa/jsC8/lib/async/test/01-manipulating-fabrics.js",
              "file": "/lib/async/test/01-manipulating-fabrics.js",
              "beforeHooks": [],
              "afterHooks": [],
              "tests": [
                {
                  "title": "should explain query",
                  "fullTitle": "Manipulating fabrics fabric.explainQuery should explain query",
                  "timedOut": false,
                  "duration": 210,
                  "state": "passed",
                  "speed": "slow",
                  "pass": true,
                  "fail": false,
                  "pending": false,
                  "context": null,
                  "code": "const queryObject = {\n    query: `for doc in ${collectionName} return doc`,\n    bindVars: {}\n};\nconst response = await fabric.explainQuery(queryObject);\nchai_1.expect(response.error).to.be.false;",
                  "err": {},
                  "uuid": "be73cac9-6a6a-488d-88ae-ec4a6d0bdde1",
                  "parentUUID": "c723d27a-1b4a-4c2c-98d1-972c22feedee",
                  "isHook": false,
                  "skipped": false
                }
              ],
              "suites": [],
              "passes": [
                "be73cac9-6a6a-488d-88ae-ec4a6d0bdde1"
              ],
              "failures": [],
              "pending": [],
              "skipped": [],
              "duration": 210,
              "root": false,
              "rootEmpty": false,
              "_timeout": 60000
            },
            {
              "uuid": "0585a334-f5b7-4a7f-843e-89fce30adcea",
              "title": "fabric.getCurrentQueries",
              "fullFile": "/home/abhishek/Documents/Macrometa/jsC8/lib/async/test/01-manipulating-fabrics.js",
              "file": "/lib/async/test/01-manipulating-fabrics.js",
              "beforeHooks": [],
              "afterHooks": [],
              "tests": [
                {
                  "title": "should get currently running queries",
                  "fullTitle": "Manipulating fabrics fabric.getCurrentQueries should get currently running queries",
                  "timedOut": false,
                  "duration": 0,
                  "state": null,
                  "speed": null,
                  "pass": false,
                  "fail": false,
                  "pending": true,
                  "context": null,
                  "code": "",
                  "err": {},
                  "uuid": "4e965dae-f628-44ba-9a04-8d61c37d8d87",
                  "parentUUID": "0585a334-f5b7-4a7f-843e-89fce30adcea",
                  "isHook": false,
                  "skipped": false
                }
              ],
              "suites": [],
              "passes": [],
              "failures": [],
              "pending": [
                "4e965dae-f628-44ba-9a04-8d61c37d8d87"
              ],
              "skipped": [],
              "duration": 0,
              "root": false,
              "rootEmpty": false,
              "_timeout": 60000
            },
            {
              "uuid": "deeea19b-919b-49ae-a649-0eb7fe04f2e4",
              "title": "fabric.clearSlowQueries",
              "fullFile": "/home/abhishek/Documents/Macrometa/jsC8/lib/async/test/01-manipulating-fabrics.js",
              "file": "/lib/async/test/01-manipulating-fabrics.js",
              "beforeHooks": [],
              "afterHooks": [],
              "tests": [
                {
                  "title": "should clear slow queries",
                  "fullTitle": "Manipulating fabrics fabric.clearSlowQueries should clear slow queries",
                  "timedOut": false,
                  "duration": 0,
                  "state": null,
                  "speed": null,
                  "pass": false,
                  "fail": false,
                  "pending": true,
                  "context": null,
                  "code": "",
                  "err": {},
                  "uuid": "589028cc-fda8-4e88-906e-b37e2d68653c",
                  "parentUUID": "deeea19b-919b-49ae-a649-0eb7fe04f2e4",
                  "isHook": false,
                  "skipped": false
                }
              ],
              "suites": [],
              "passes": [],
              "failures": [],
              "pending": [
                "589028cc-fda8-4e88-906e-b37e2d68653c"
              ],
              "skipped": [],
              "duration": 0,
              "root": false,
              "rootEmpty": false,
              "_timeout": 60000
            },
            {
              "uuid": "a25b3533-3e26-4961-8a30-2ca6b9f81b76",
              "title": "fabric.terminateRunningQuery",
              "fullFile": "/home/abhishek/Documents/Macrometa/jsC8/lib/async/test/01-manipulating-fabrics.js",
              "file": "/lib/async/test/01-manipulating-fabrics.js",
              "beforeHooks": [],
              "afterHooks": [],
              "tests": [
                {
                  "title": "should terminate running query",
                  "fullTitle": "Manipulating fabrics fabric.terminateRunningQuery should terminate running query",
                  "timedOut": false,
                  "duration": 0,
                  "state": null,
                  "speed": null,
                  "pass": false,
                  "fail": false,
                  "pending": true,
                  "context": null,
                  "code": "",
                  "err": {},
                  "uuid": "29fd6b43-bc7f-4daf-9278-cf5794e5561d",
                  "parentUUID": "a25b3533-3e26-4961-8a30-2ca6b9f81b76",
                  "isHook": false,
                  "skipped": false
                }
              ],
              "suites": [],
              "passes": [],
              "failures": [],
              "pending": [
                "29fd6b43-bc7f-4daf-9278-cf5794e5561d"
              ],
              "skipped": [],
              "duration": 0,
              "root": false,
              "rootEmpty": false,
              "_timeout": 60000
            }
          ],
          "passes": [],
          "failures": [],
          "pending": [],
          "skipped": [],
          "duration": 0,
          "root": false,
          "rootEmpty": false,
          "_timeout": 60000
        },
        {
          "uuid": "875069ef-1256-42fc-9b95-db4c66091711",
          "title": "Accessing collections",
          "fullFile": "/home/abhishek/Documents/Macrometa/jsC8/lib/async/test/02-accessing-collections.js",
          "file": "/lib/async/test/02-accessing-collections.js",
          "beforeHooks": [
            {
              "title": "\"before all\" hook",
              "fullTitle": "Accessing collections \"before all\" hook",
              "timedOut": false,
              "duration": 2969,
              "state": null,
              "speed": null,
              "pass": false,
              "fail": false,
              "pending": false,
              "context": null,
              "code": "fabric = new jsC8_1.Fabric({\n    url: testUrl,\n    c8Version: Number(process.env.C8_VERSION || 30400)\n});\nawait fabric.login(\"guest@macrometa.io\", \"guest\");\nfabric.useTenant(\"guest\");\nconst response = await fabric.getAllEdgeLocations();\ndcList = helper_1.getDCListString(response);\nawait fabric.createFabric(name, [{ username: \"root\" }], { dcList: dcList });\nfabric.useFabric(name);\nconst collections = await fabric.listCollections(false);\nbuiltinSystemCollections = collections.map((c) => c.name);",
              "err": {},
              "uuid": "d694634e-fb42-47b7-a1e2-861e0b563950",
              "parentUUID": "875069ef-1256-42fc-9b95-db4c66091711",
              "isHook": true,
              "skipped": false
            }
          ],
          "afterHooks": [
            {
              "title": "\"after all\" hook",
              "fullTitle": "Accessing collections \"after all\" hook",
              "timedOut": false,
              "duration": 210,
              "state": null,
              "speed": null,
              "pass": false,
              "fail": false,
              "pending": false,
              "context": null,
              "code": "try {\n    fabric.useFabric(\"_system\");\n    await fabric.dropFabric(name);\n}\nfinally {\n    fabric.close();\n}",
              "err": {},
              "uuid": "57149895-5ae1-45b6-bb23-ee28f9c746a8",
              "parentUUID": "875069ef-1256-42fc-9b95-db4c66091711",
              "isHook": true,
              "skipped": false
            }
          ],
          "tests": [],
          "suites": [
            {
              "uuid": "89e6ad39-e5ba-4c03-99b8-115c86000c76",
              "title": "fabric.collection",
              "fullFile": "/home/abhishek/Documents/Macrometa/jsC8/lib/async/test/02-accessing-collections.js",
              "file": "/lib/async/test/02-accessing-collections.js",
              "beforeHooks": [],
              "afterHooks": [],
              "tests": [
                {
                  "title": "returns a DocumentCollection instance for the collection",
                  "fullTitle": "Accessing collections fabric.collection returns a DocumentCollection instance for the collection",
                  "timedOut": false,
                  "duration": 0,
                  "state": "passed",
                  "speed": "fast",
                  "pass": true,
                  "fail": false,
                  "pending": false,
                  "context": null,
                  "code": "let name = \"potato\";\nlet collection = fabric.collection(name);\nchai_1.expect(collection).to.be.an.instanceof(collection_1.DocumentCollection);\nchai_1.expect(collection)\n    .to.have.property(\"name\")\n    .that.equals(name);",
                  "err": {},
                  "uuid": "bc3bd194-287a-46a2-a343-d0de4b5689a6",
                  "parentUUID": "89e6ad39-e5ba-4c03-99b8-115c86000c76",
                  "isHook": false,
                  "skipped": false
                }
              ],
              "suites": [],
              "passes": [
                "bc3bd194-287a-46a2-a343-d0de4b5689a6"
              ],
              "failures": [],
              "pending": [],
              "skipped": [],
              "duration": 0,
              "root": false,
              "rootEmpty": false,
              "_timeout": 600000
            },
            {
              "uuid": "5ddad947-a45e-48a8-9814-855c0932a0d8",
              "title": "fabric.edgeCollection",
              "fullFile": "/home/abhishek/Documents/Macrometa/jsC8/lib/async/test/02-accessing-collections.js",
              "file": "/lib/async/test/02-accessing-collections.js",
              "beforeHooks": [],
              "afterHooks": [],
              "tests": [
                {
                  "title": "returns an EdgeCollection instance for the collection",
                  "fullTitle": "Accessing collections fabric.edgeCollection returns an EdgeCollection instance for the collection",
                  "timedOut": false,
                  "duration": 1,
                  "state": "passed",
                  "speed": "fast",
                  "pass": true,
                  "fail": false,
                  "pending": false,
                  "context": null,
                  "code": "let name = \"tomato\";\nlet collection = fabric.edgeCollection(name);\nchai_1.expect(collection).to.be.an.instanceof(collection_1.EdgeCollection);\nchai_1.expect(collection)\n    .to.have.property(\"name\")\n    .that.equals(name);",
                  "err": {},
                  "uuid": "1c268e25-2f4e-4479-b5c5-586970ce6038",
                  "parentUUID": "5ddad947-a45e-48a8-9814-855c0932a0d8",
                  "isHook": false,
                  "skipped": false
                }
              ],
              "suites": [],
              "passes": [
                "1c268e25-2f4e-4479-b5c5-586970ce6038"
              ],
              "failures": [],
              "pending": [],
              "skipped": [],
              "duration": 1,
              "root": false,
              "rootEmpty": false,
              "_timeout": 600000
            },
            {
              "uuid": "a96d8bf6-0492-4b94-bd5c-971a5a23c259",
              "title": "fabric.listCollections",
              "fullFile": "/home/abhishek/Documents/Macrometa/jsC8/lib/async/test/02-accessing-collections.js",
              "file": "/lib/async/test/02-accessing-collections.js",
              "beforeHooks": [
                {
                  "title": "\"before all\" hook",
                  "fullTitle": "Accessing collections fabric.listCollections \"before all\" hook",
                  "timedOut": false,
                  "duration": 1644,
                  "state": null,
                  "speed": null,
                  "pass": false,
                  "fail": false,
                  "pending": false,
                  "context": null,
                  "code": "await Promise.all([\n    ...nonSystemCollectionNames.map(name => fabric.collection(name).create())\n    // ...systemCollectionNames.map(name =>\n    //   fabric.collection(name).create({ isSystem: true })\n    // )\n]);",
                  "err": {},
                  "uuid": "9c904b9e-7282-4c94-bb36-827746ae6dbc",
                  "parentUUID": "a96d8bf6-0492-4b94-bd5c-971a5a23c259",
                  "isHook": true,
                  "skipped": false
                }
              ],
              "afterHooks": [
                {
                  "title": "\"after all\" hook",
                  "fullTitle": "Accessing collections fabric.listCollections \"after all\" hook",
                  "timedOut": false,
                  "duration": 408,
                  "state": null,
                  "speed": null,
                  "pass": false,
                  "fail": false,
                  "pending": false,
                  "context": null,
                  "code": "Promise.all([\n    ...nonSystemCollectionNames.map(name => fabric.collection(name).drop())\n    // ...systemCollectionNames.map(name =>\n    //   fabric.collection(name).drop({ isSystem: true })\n    // )\n])\n    .then(() => void done())\n    .catch(done);",
                  "err": {},
                  "uuid": "9f321d42-00fe-4145-801d-1adf8ef3ee7c",
                  "parentUUID": "a96d8bf6-0492-4b94-bd5c-971a5a23c259",
                  "isHook": true,
                  "skipped": false
                }
              ],
              "tests": [
                {
                  "title": "fetches information about all non-system collections",
                  "fullTitle": "Accessing collections fabric.listCollections fetches information about all non-system collections",
                  "timedOut": false,
                  "duration": 193,
                  "state": "passed",
                  "speed": "slow",
                  "pass": true,
                  "fail": false,
                  "pending": false,
                  "context": null,
                  "code": "fabric\n    .listCollections()\n    .then(collections => {\n    chai_1.expect(collections.length).to.equal(nonSystemCollectionNames.length);\n    chai_1.expect(collections.map((c) => c.name).sort()).to.eql(nonSystemCollectionNames);\n    done();\n})\n    .catch(done);",
                  "err": {},
                  "uuid": "13d9ad0a-c049-4a8f-bf9c-def5a95afd11",
                  "parentUUID": "a96d8bf6-0492-4b94-bd5c-971a5a23c259",
                  "isHook": false,
                  "skipped": false
                },
                {
                  "title": "includes system collections if explicitly passed false",
                  "fullTitle": "Accessing collections fabric.listCollections includes system collections if explicitly passed false",
                  "timedOut": false,
                  "duration": 264,
                  "state": "passed",
                  "speed": "slow",
                  "pass": true,
                  "fail": false,
                  "pending": false,
                  "context": null,
                  "code": "fabric\n    .listCollections(false)\n    .then(collections => {\n    let allCollectionNames = nonSystemCollectionNames\n        // .concat(systemCollectionNames)\n        .concat(builtinSystemCollections)\n        .sort();\n    chai_1.expect(collections.length).to.be.at.least(allCollectionNames.length);\n    chai_1.expect(collections.map((c) => c.name).sort()).to.eql(allCollectionNames);\n    done();\n})\n    .catch(done);",
                  "err": {},
                  "uuid": "de3363c1-7475-41f5-bca0-e7da354049b3",
                  "parentUUID": "a96d8bf6-0492-4b94-bd5c-971a5a23c259",
                  "isHook": false,
                  "skipped": false
                }
              ],
              "suites": [],
              "passes": [
                "13d9ad0a-c049-4a8f-bf9c-def5a95afd11",
                "de3363c1-7475-41f5-bca0-e7da354049b3"
              ],
              "failures": [],
              "pending": [],
              "skipped": [],
              "duration": 457,
              "root": false,
              "rootEmpty": false,
              "_timeout": 600000
            },
            {
              "uuid": "fa88dc85-fd01-4985-9eea-7972620398e8",
              "title": "fabric.collections",
              "fullFile": "/home/abhishek/Documents/Macrometa/jsC8/lib/async/test/02-accessing-collections.js",
              "file": "/lib/async/test/02-accessing-collections.js",
              "beforeHooks": [
                {
                  "title": "\"before all\" hook",
                  "fullTitle": "Accessing collections fabric.collections \"before all\" hook",
                  "timedOut": false,
                  "duration": 1135,
                  "state": null,
                  "speed": null,
                  "pass": false,
                  "fail": false,
                  "pending": false,
                  "context": null,
                  "code": "Promise.all([\n    ...documentCollectionNames.map(name => fabric.collection(name).create()),\n    ...edgeCollectionNames.map(name => fabric.edgeCollection(name).create())\n])\n    .then(() => void done())\n    .catch(done);",
                  "err": {},
                  "uuid": "329ff12d-c814-4af1-bd2a-c9cf49d07afc",
                  "parentUUID": "fa88dc85-fd01-4985-9eea-7972620398e8",
                  "isHook": true,
                  "skipped": false
                }
              ],
              "afterHooks": [
                {
                  "title": "\"after all\" hook",
                  "fullTitle": "Accessing collections fabric.collections \"after all\" hook",
                  "timedOut": false,
                  "duration": 813,
                  "state": null,
                  "speed": null,
                  "pass": false,
                  "fail": false,
                  "pending": false,
                  "context": null,
                  "code": "Promise.all([\n    ...documentCollectionNames.map(name => fabric.collection(name).drop()),\n    ...edgeCollectionNames.map(name => fabric.edgeCollection(name).drop())\n])\n    .then(() => void done())\n    .catch(done);",
                  "err": {},
                  "uuid": "05ff9af5-a881-4ef7-9922-4abec1df1251",
                  "parentUUID": "fa88dc85-fd01-4985-9eea-7972620398e8",
                  "isHook": true,
                  "skipped": false
                }
              ],
              "tests": [
                {
                  "title": "creates DocumentCollection and EdgeCollection instances",
                  "fullTitle": "Accessing collections fabric.collections creates DocumentCollection and EdgeCollection instances",
                  "timedOut": false,
                  "duration": 120,
                  "state": "passed",
                  "speed": "slow",
                  "pass": true,
                  "fail": false,
                  "pending": false,
                  "context": null,
                  "code": "fabric\n    .collections()\n    .then(collections => {\n    let documentCollections = collections\n        .filter((c) => c instanceof collection_1.DocumentCollection)\n        .sort();\n    let edgeCollections = collections\n        .filter((c) => c instanceof collection_1.EdgeCollection)\n        .sort();\n    chai_1.expect(documentCollections.length).to.equal(documentCollectionNames.length);\n    chai_1.expect(documentCollections.map((c) => c.name).sort()).to.eql(documentCollectionNames);\n    chai_1.expect(edgeCollections.length).to.equal(edgeCollectionNames.length);\n    chai_1.expect(edgeCollections.map((c) => c.name).sort()).to.eql(edgeCollectionNames);\n    done();\n})\n    .catch(done);",
                  "err": {},
                  "uuid": "9980abc6-8bb2-49f9-afc2-a50c874465f2",
                  "parentUUID": "fa88dc85-fd01-4985-9eea-7972620398e8",
                  "isHook": false,
                  "skipped": false
                },
                {
                  "title": "includes system collections if explicitly passed false",
                  "fullTitle": "Accessing collections fabric.collections includes system collections if explicitly passed false",
                  "timedOut": false,
                  "duration": 124,
                  "state": "passed",
                  "speed": "slow",
                  "pass": true,
                  "fail": false,
                  "pending": false,
                  "context": null,
[...]
          "title": " StreamApps ",
          "fullFile": "/home/abhishek/Documents/Macrometa/jsC8/lib/async/test/32-streamapps.js",
          "file": "/lib/async/test/32-streamapps.js",
          "beforeHooks": [
            {
              "title": "\"before all\" hook",
              "fullTitle": " StreamApps  \"before all\" hook",
              "timedOut": false,
              "duration": 711,
              "state": null,
              "speed": null,
              "pass": false,
              "fail": false,
              "pending": false,
              "context": null,
              "code": "fabric = new jsC8_1.Fabric({\n    url: testUrl,\n    c8Version: Number(process.env.C8_VERSION || 30400)\n});\nawait fabric.login(\"guest@macrometa.io\", \"guest\");\nfabric.useTenant(\"guest\");",
              "err": {},
              "uuid": "763bc2c4-26d1-494a-b526-2b3c8351cc0a",
              "parentUUID": "39422497-4e19-4d7d-914f-2cb9ed307c1f",
              "isHook": true,
              "skipped": false
            }
          ],
          "afterHooks": [
            {
              "title": "\"after all\" hook",
              "fullTitle": " StreamApps  \"after all\" hook",
              "timedOut": false,
              "duration": 0,
              "state": null,
              "speed": null,
              "pass": false,
              "fail": false,
              "pending": false,
              "context": null,
              "code": "fabric.close();",
              "err": {},
              "uuid": "1defffa3-922e-4a9d-8751-26665e545105",
              "parentUUID": "39422497-4e19-4d7d-914f-2cb9ed307c1f",
              "isHook": true,
              "skipped": false
            }
          ],
          "tests": [],
          "suites": [
            {
              "uuid": "91f018a8-caab-4150-bf39-107af9616119",
              "title": "fabric.createStreamApp",
              "fullFile": "/home/abhishek/Documents/Macrometa/jsC8/lib/async/test/32-streamapps.js",
              "file": "/lib/async/test/32-streamapps.js",
              "beforeHooks": [],
              "afterHooks": [],
              "tests": [
                {
                  "title": "Should create a Stream Apllication",
                  "fullTitle": " StreamApps  fabric.createStreamApp Should create a Stream Apllication",
                  "timedOut": false,
                  "duration": 318,
                  "state": "passed",
                  "speed": "slow",
                  "pass": true,
                  "fail": false,
                  "pending": false,
                  "context": null,
                  "code": "const response = await fabric.getAllEdgeLocations();\nlet dcListAll = helper_1.getDCListString(response);\nlet dcList = dcListAll.split(\",\");\nlet appDefinition = `@App:name('Sample-Cargo-App')\n    -- Stream\n    define stream srcCargoStream (weight int);\n    -- Table\n    define table destCargoTable (weight int, totalWeight long);\n    -- Data Processing\n    @info(name='Query')\n    select weight, sum(weight) as totalWeight\n    from srcCargoStream\n    insert into destCargoTable;`;\nlet resp = await fabric.createStreamApp(dcList, appDefinition);\nconsole.log(resp);\nchai_1.expect(resp.error).to.be.false;",
                  "err": {},
                  "uuid": "330c8b89-0b9c-4b83-be95-d1623b8b7aae",
                  "parentUUID": "91f018a8-caab-4150-bf39-107af9616119",
                  "isHook": false,
                  "skipped": false
                }
              ],
              "suites": [],
              "passes": [
                "330c8b89-0b9c-4b83-be95-d1623b8b7aae"
              ],
              "failures": [],
              "pending": [],
              "skipped": [],
              "duration": 318,
              "root": false,
              "rootEmpty": false,
              "_timeout": 60000
            },
            {
              "uuid": "bf334b8d-3c10-4328-8d24-dc341e3b0fa4",
              "title": "fabric.getAllStreamApps",
              "fullFile": "/home/abhishek/Documents/Macrometa/jsC8/lib/async/test/32-streamapps.js",
              "file": "/lib/async/test/32-streamapps.js",
              "beforeHooks": [],
              "afterHooks": [],
              "tests": [
                {
                  "title": "get all stream apps",
                  "fullTitle": " StreamApps  fabric.getAllStreamApps get all stream apps",
                  "timedOut": false,
                  "duration": 201,
                  "state": "passed",
                  "speed": "slow",
                  "pass": true,
                  "fail": false,
                  "pending": false,
                  "context": null,
                  "code": "let response = await fabric.getAllStreamApps();\nchai_1.expect(response.error).to.be.false;",
                  "err": {},
                  "uuid": "4c64fa71-b45c-46eb-9272-d8067885f8b1",
                  "parentUUID": "bf334b8d-3c10-4328-8d24-dc341e3b0fa4",
                  "isHook": false,
                  "skipped": false
                }
              ],
              "suites": [],
              "passes": [
                "4c64fa71-b45c-46eb-9272-d8067885f8b1"
              ],
              "failures": [],
              "pending": [],
              "skipped": [],
              "duration": 201,
              "root": false,
              "rootEmpty": false,
              "_timeout": 60000
            },
            {
              "uuid": "549ad07b-4810-41ce-a0aa-faabc8f1f1b6",
              "title": "fabric.validateStreamappDefinition",
              "fullFile": "/home/abhishek/Documents/Macrometa/jsC8/lib/async/test/32-streamapps.js",
              "file": "/lib/async/test/32-streamapps.js",
              "beforeHooks": [],
              "afterHooks": [],
              "tests": [
                {
                  "title": "validate the streamapp definition",
                  "fullTitle": " StreamApps  fabric.validateStreamappDefinition validate the streamapp definition",
                  "timedOut": false,
                  "duration": 195,
                  "state": "passed",
                  "speed": "slow",
                  "pass": true,
                  "fail": false,
                  "pending": false,
                  "context": null,
                  "code": "let appDefinition = `@App:name('Sample-Cargo-App')\n    -- Stream\n    define stream srcCargoStream (weight int);\n    -- Table\n    define table destCargoTable (weight int, totalWeight long);\n    -- Data Processing\n    @info(name='Query')\n    select weight, sum(weight) as totalWeight\n    from srcCargoStream\n    insert into destCargoTable;`;\nlet response = await fabric.validateStreamappDefinition(appDefinition);\nchai_1.expect(response.error).to.be.false;",
                  "err": {},
                  "uuid": "6d99c874-d6cb-4812-b350-e70c6aec54cc",
                  "parentUUID": "549ad07b-4810-41ce-a0aa-faabc8f1f1b6",
                  "isHook": false,
                  "skipped": false
                }
              ],
              "suites": [],
              "passes": [
                "6d99c874-d6cb-4812-b350-e70c6aec54cc"
              ],
              "failures": [],
              "pending": [],
              "skipped": [],
              "duration": 195,
              "root": false,
              "rootEmpty": false,
              "_timeout": 60000
            },
            {
              "uuid": "8ef6ac80-7473-4665-b958-d5b5bfc18434",
              "title": "fabric.getSampleStreamApps",
              "fullFile": "/home/abhishek/Documents/Macrometa/jsC8/lib/async/test/32-streamapps.js",
              "file": "/lib/async/test/32-streamapps.js",
              "beforeHooks": [],
              "afterHooks": [],
              "tests": [
                {
                  "title": "get sample stream apps",
                  "fullTitle": " StreamApps  fabric.getSampleStreamApps get sample stream apps",
                  "timedOut": false,
                  "duration": 144,
                  "state": "passed",
                  "speed": "slow",
                  "pass": true,
                  "fail": false,
                  "pending": false,
                  "context": null,
                  "code": "let response = await fabric.getSampleStreamApps();\nchai_1.expect(response.error).to.be.false;",
                  "err": {},
                  "uuid": "1b71ed00-c158-4fdf-8617-b684f20ab5b4",
                  "parentUUID": "8ef6ac80-7473-4665-b958-d5b5bfc18434",
                  "isHook": false,
                  "skipped": false
                }
              ],
              "suites": [],
              "passes": [
                "1b71ed00-c158-4fdf-8617-b684f20ab5b4"
              ],
              "failures": [],
              "pending": [],
              "skipped": [],
              "duration": 144,
              "root": false,
              "rootEmpty": false,
              "_timeout": 60000
            },
            {
              "uuid": "1ef37e16-c6ea-4f23-b77f-9042a02b9622",
              "title": "streamapps.activateStreamApplication",
              "fullFile": "/home/abhishek/Documents/Macrometa/jsC8/lib/async/test/32-streamapps.js",
              "file": "/lib/async/test/32-streamapps.js",
              "beforeHooks": [],
              "afterHooks": [],
              "tests": [
                {
                  "title": "Activate a stream App",
                  "fullTitle": " StreamApps  streamapps.activateStreamApplication Activate a stream App",
                  "timedOut": false,
                  "duration": 148,
                  "state": "passed",
                  "speed": "slow",
                  "pass": true,
                  "fail": false,
                  "pending": false,
                  "context": null,
                  "code": "const app = fabric.streamApp(\"Sample-Cargo-App\");\nlet response = await app.activateStreamApplication(true);\nchai_1.expect(response.error).to.be.false;",
                  "err": {},
                  "uuid": "00c10390-5f2c-43d5-9f53-8afb14622a57",
                  "parentUUID": "1ef37e16-c6ea-4f23-b77f-9042a02b9622",
                  "isHook": false,
                  "skipped": false
                }
              ],
              "suites": [],
              "passes": [
                "00c10390-5f2c-43d5-9f53-8afb14622a57"
              ],
              "failures": [],
              "pending": [],
              "skipped": [],
              "duration": 148,
              "root": false,
              "rootEmpty": false,
              "_timeout": 60000
            },
            {
              "uuid": "2c6d6186-430f-4aef-a1f2-5b335c8d6cb9",
              "title": "streamapps.retriveApplication",
              "fullFile": "/home/abhishek/Documents/Macrometa/jsC8/lib/async/test/32-streamapps.js",
              "file": "/lib/async/test/32-streamapps.js",
              "beforeHooks": [],
              "afterHooks": [],
              "tests": [
                {
                  "title": "Retrive a stream App",
                  "fullTitle": " StreamApps  streamapps.retriveApplication Retrive a stream App",
                  "timedOut": false,
                  "duration": 220,
                  "state": "passed",
                  "speed": "slow",
                  "pass": true,
                  "fail": false,
                  "pending": false,
                  "context": null,
                  "code": "const app = fabric.streamApp(\"Sample-Cargo-App\");\nlet response = await app.retriveApplication();\nchai_1.expect(response.error).to.be.false;",
                  "err": {},
                  "uuid": "8592c4d3-9ece-4e44-a583-5e187d92d6ec",
                  "parentUUID": "2c6d6186-430f-4aef-a1f2-5b335c8d6cb9",
                  "isHook": false,
                  "skipped": false
                }
              ],
              "suites": [],
              "passes": [
                "8592c4d3-9ece-4e44-a583-5e187d92d6ec"
              ],
              "failures": [],
              "pending": [],
              "skipped": [],
              "duration": 220,
              "root": false,
              "rootEmpty": false,
              "_timeout": 60000
            },
            {
              "uuid": "f05025f7-55d1-430e-9bda-60a1ba02bc8e",
              "title": "streamapps.updateApplication",
              "fullFile": "/home/abhishek/Documents/Macrometa/jsC8/lib/async/test/32-streamapps.js",
              "file": "/lib/async/test/32-streamapps.js",
              "beforeHooks": [],
              "afterHooks": [],
              "tests": [
                {
                  "title": "Update a stream App",
                  "fullTitle": " StreamApps  streamapps.updateApplication Update a stream App",
                  "timedOut": false,
                  "duration": 403,
                  "state": "passed",
                  "speed": "slow",
                  "pass": true,
                  "fail": false,
                  "pending": false,
                  "context": null,
                  "code": "const resp = await fabric.getAllEdgeLocations();\nlet dcListAll = helper_1.getDCListString(resp);\nlet dcList = dcListAll.split(\",\");\nlet appdef = `@App:name('Sample-Cargo-App')\n    -- Stream\n    define stream srcCargoStream (weight int);\n    -- Table\n    define table destCargoTable (weight int, totalWeight long);\n    -- Data Processing\n    @info(name='Query')\n    select weight, sum(weight) as totalWeight\n    from srcCargoStream\n    insert into destCargoTable;`;\nconst app = fabric.streamApp(\"Sample-Cargo-App\");\nlet response = await app.updateApplication(dcList, appdef);\nchai_1.expect(response.error).to.be.false;",
                  "err": {},
                  "uuid": "20d29544-75f7-407d-a00c-295cc4e17619",
                  "parentUUID": "f05025f7-55d1-430e-9bda-60a1ba02bc8e",
                  "isHook": false,
                  "skipped": false
                }
              ],
              "suites": [],
              "passes": [
                "20d29544-75f7-407d-a00c-295cc4e17619"
              ],
              "failures": [],
              "pending": [],
              "skipped": [],
              "duration": 403,
              "root": false,
              "rootEmpty": false,
              "_timeout": 60000
            },
            {
              "uuid": "fe3721b4-3164-4252-8c73-07439c2605b3",
              "title": "streamapps.deleteApplication",
              "fullFile": "/home/abhishek/Documents/Macrometa/jsC8/lib/async/test/32-streamapps.js",
              "file": "/lib/async/test/32-streamapps.js",
              "beforeHooks": [],
              "afterHooks": [],
              "tests": [
                {
                  "title": "Delete a stream App",
                  "fullTitle": " StreamApps  streamapps.deleteApplication Delete a stream App",
                  "timedOut": false,
                  "duration": 208,
                  "state": "passed",
                  "speed": "slow",
                  "pass": true,
                  "fail": false,
                  "pending": false,
                  "context": null,
                  "code": "const app = fabric.streamApp(\"Sample-Cargo-App\");\nlet response = await app.deleteApplication();\nconsole.log(response);\nchai_1.expect(response.error).to.be.false;",
                  "err": {},
                  "uuid": "f6c1217b-9e86-4383-b888-e9bab7b002b9",
                  "parentUUID": "fe3721b4-3164-4252-8c73-07439c2605b3",
                  "isHook": false,
                  "skipped": false
                }
              ],
              "suites": [],
              "passes": [
                "f6c1217b-9e86-4383-b888-e9bab7b002b9"
              ],
              "failures": [],
              "pending": [],
              "skipped": [],
              "duration": 208,
              "root": false,
              "rootEmpty": false,
              "_timeout": 60000
            }
          ],
          "passes": [],
          "failures": [],
          "pending": [],
          "skipped": [],
          "duration": 0,
          "root": false,
          "rootEmpty": false,
          "_timeout": 60000
        },
        {
          "uuid": "5f9749c4-a6c7-45b4-9842-5003871ccaac",
          "title": "fabric.route",
          "fullFile": "/home/abhishek/Documents/Macrometa/jsC8/lib/async/test/32-streamapps.js",
          "file": "/lib/async/test/32-streamapps.js",
          "beforeHooks": [],
          "afterHooks": [],
          "tests": [
            {
              "title": "returns a Route instance",
              "fullTitle": "fabric.route returns a Route instance",
              "timedOut": false,
              "duration": 1,
              "state": "passed",
              "speed": "fast",
              "pass": true,
              "fail": false,
              "pending": false,
              "context": null,
              "code": "const route = fabric.route();\nchai_1.expect(route).to.be.an.instanceof(route_1.Route);",
              "err": {},
              "uuid": "d1578fc3-1823-444b-8246-23e81d55f6a7",
              "parentUUID": "5f9749c4-a6c7-45b4-9842-5003871ccaac",
              "isHook": false,
              "skipped": false
            },
            {
              "title": "creates a route for the given path",
              "fullTitle": "fabric.route creates a route for the given path",
              "timedOut": false,
              "duration": 0,
              "state": "passed",
              "speed": "fast",
              "pass": true,
              "fail": false,
              "pending": false,
              "context": null,
              "code": "const path = \"/hi\";\nconst route = fabric.route(path);\nchai_1.expect(route._path).to.equal(path);",
              "err": {},
              "uuid": "98f0f922-c497-4e9a-8a6d-a0af2e54deb7",
              "parentUUID": "5f9749c4-a6c7-45b4-9842-5003871ccaac",
              "isHook": false,
              "skipped": false
            },
            {
              "title": "passes the given headers to the new route",
              "fullTitle": "fabric.route passes the given headers to the new route",
              "timedOut": false,
              "duration": 0,
              "state": "passed",
              "speed": "fast",
              "pass": true,
              "fail": false,
              "pending": false,
              "context": null,
              "code": "const route = fabric.route(\"/hello\", { \"x-magic\": \"awesome\" });\nchai_1.expect(route._headers).to.have.property(\"x-magic\", \"awesome\");",
              "err": {},
              "uuid": "32bbfbb4-c144-4068-a40b-8a4efe963bba",
              "parentUUID": "5f9749c4-a6c7-45b4-9842-5003871ccaac",
              "isHook": false,
              "skipped": false
            }
          ],
          "suites": [],
          "passes": [
            "d1578fc3-1823-444b-8246-23e81d55f6a7",
            "98f0f922-c497-4e9a-8a6d-a0af2e54deb7",
            "32bbfbb4-c144-4068-a40b-8a4efe963bba"
          ],
          "failures": [],
          "pending": [],
          "skipped": [],
          "duration": 1,
          "root": false,
          "rootEmpty": false,
          "_timeout": 60000
        }
      ],
      "passes": [],
      "failures": [],
      "pending": [],
      "skipped": [
        "768b7ad2-19bf-43ca-8071-47c260a50967"
      ],
      "duration": 0,
      "root": true,
      "rootEmpty": false,
      "_timeout": 60000
    }
  ],
  "meta": {
    "mocha": {
      "version": "5.2.0"
    },
    "mochawesome": {
      "options": {
        "quiet": false,
        "reportFilename": "mochawesome",
        "saveHtml": true,
        "saveJson": true,
        "consoleReporter": "spec",
        "useInlineDiffs": false
      },
      "version": "4.1.0"
    },
    "marge": {
      "options": {},
      "version": "4.1.0"
    }
  }
}