{
  "stats": {
    "suites": 81,
    "tests": 100,
    "passes": 87,
    "pending": 8,
    "failures": 5,
    "start": "2020-02-18T10:52:10.800Z",
    "end": "2020-02-18T10:53:57.401Z",
    "duration": 106601,
    "testsRegistered": 226,
    "passPercent": 39.908256880733944,
    "pendingPercent": 3.5398230088495577,
    "other": 23,
    "hasOther": true,
    "skipped": 126,
    "hasSkipped": true
  },
  "results": [
    {
      "uuid": "c15c637e-b2ac-466a-bb7d-f71611292747",
      "title": "",
      "fullFile": "",
      "file": "",
      "beforeHooks": [],
      "afterHooks": [],
      "tests": [],
      "suites": [
        {
          "uuid": "8aacf628-83d9-49ed-86dc-1f07d963f7b4",
          "title": "Creating a Fabric",
          "fullFile": "/home/abhishek/Documents/Macrometa/jsC8/lib/async/test/00-basics.js",
          "file": "/lib/async/test/00-basics.js",
          "beforeHooks": [],
          "afterHooks": [],
          "tests": [],
          "suites": [
            {
              "uuid": "8ed82c2c-ac8a-4484-a83d-5ac4d7c7f1b7",
              "title": "using the factory",
              "fullFile": "/home/abhishek/Documents/Macrometa/jsC8/lib/async/test/00-basics.js",
              "file": "/lib/async/test/00-basics.js",
              "beforeHooks": [],
              "afterHooks": [],
              "tests": [
                {
                  "title": "returns a Fabric instance",
                  "fullTitle": "Creating a Fabric using the factory returns a Fabric instance",
                  "timedOut": false,
                  "duration": 1,
                  "state": "passed",
                  "speed": "fast",
                  "pass": true,
                  "fail": false,
                  "pending": false,
                  "context": null,
                  "code": "chai_1.expect(fabric).to.be.an.instanceof(jsC8_1.Fabric);",
                  "err": {},
                  "uuid": "6f14b258-dcba-4e6b-b957-e892eb683ff0",
                  "parentUUID": "8ed82c2c-ac8a-4484-a83d-5ac4d7c7f1b7",
                  "isHook": false,
                  "skipped": false
                },
                {
                  "title": "passes any configs to the connection",
                  "fullTitle": "Creating a Fabric using the factory passes any configs to the connection",
                  "timedOut": false,
                  "duration": 1,
                  "state": "passed",
                  "speed": "fast",
                  "pass": true,
                  "fail": false,
                  "pending": false,
                  "context": null,
                  "code": "chai_1.expect(fabric._connection).to.have.property(\"_c8Version\", 54321);",
                  "err": {},
                  "uuid": "f35c495b-3e2a-4166-b780-057db96c65ff",
                  "parentUUID": "8ed82c2c-ac8a-4484-a83d-5ac4d7c7f1b7",
                  "isHook": false,
                  "skipped": false
                }
              ],
              "suites": [],
              "passes": [
                "6f14b258-dcba-4e6b-b957-e892eb683ff0",
                "f35c495b-3e2a-4166-b780-057db96c65ff"
              ],
              "failures": [],
              "pending": [],
              "skipped": [],
              "duration": 2,
              "root": false,
              "rootEmpty": false,
              "_timeout": 20000
            },
            {
              "uuid": "135ba5be-0fd7-46a2-97fe-1997b138779b",
              "title": "using the constructor",
              "fullFile": "/home/abhishek/Documents/Macrometa/jsC8/lib/async/test/00-basics.js",
              "file": "/lib/async/test/00-basics.js",
              "beforeHooks": [],
              "afterHooks": [],
              "tests": [
                {
                  "title": "returns a Fabric instance",
                  "fullTitle": "Creating a Fabric using the constructor returns a Fabric instance",
                  "timedOut": false,
                  "duration": 1,
                  "state": "passed",
                  "speed": "fast",
                  "pass": true,
                  "fail": false,
                  "pending": false,
                  "context": null,
                  "code": "chai_1.expect(fabric).to.be.an.instanceof(jsC8_1.Fabric);",
                  "err": {},
                  "uuid": "9aeec178-f6bc-4e6d-971d-424288b9b4e2",
                  "parentUUID": "135ba5be-0fd7-46a2-97fe-1997b138779b",
                  "isHook": false,
                  "skipped": false
                },
                {
                  "title": "passes any configs to the connection",
                  "fullTitle": "Creating a Fabric using the constructor passes any configs to the connection",
                  "timedOut": false,
                  "duration": 0,
                  "state": "passed",
                  "speed": "fast",
                  "pass": true,
                  "fail": false,
                  "pending": false,
                  "context": null,
                  "code": "chai_1.expect(fabric._connection).to.have.property(\"_c8Version\", 43210);",
                  "err": {},
                  "uuid": "9b844e0e-3f1b-4f94-b66d-d5e242b2aadb",
                  "parentUUID": "135ba5be-0fd7-46a2-97fe-1997b138779b",
                  "isHook": false,
                  "skipped": false
                }
              ],
              "suites": [],
              "passes": [
                "9aeec178-f6bc-4e6d-971d-424288b9b4e2",
                "9b844e0e-3f1b-4f94-b66d-d5e242b2aadb"
              ],
              "failures": [],
              "pending": [],
              "skipped": [],
              "duration": 1,
              "root": false,
              "rootEmpty": false,
              "_timeout": 20000
            }
          ],
          "passes": [],
          "failures": [],
          "pending": [],
          "skipped": [],
          "duration": 0,
          "root": false,
          "rootEmpty": false,
          "_timeout": 20000
        },
        {
          "uuid": "c5d22c24-39f9-484a-a80a-2ea025ccf7f9",
          "title": "Configuring the driver",
          "fullFile": "/home/abhishek/Documents/Macrometa/jsC8/lib/async/test/00-basics.js",
          "file": "/lib/async/test/00-basics.js",
          "beforeHooks": [],
          "afterHooks": [],
          "tests": [],
          "suites": [
            {
              "uuid": "7ce67cb5-6eb6-4062-9a8f-ed92913cb625",
              "title": "with a string",
              "fullFile": "/home/abhishek/Documents/Macrometa/jsC8/lib/async/test/00-basics.js",
              "file": "/lib/async/test/00-basics.js",
              "beforeHooks": [],
              "afterHooks": [],
              "tests": [
                {
                  "title": "sets the url",
                  "fullTitle": "Configuring the driver with a string sets the url",
                  "timedOut": false,
                  "duration": 0,
                  "state": null,
                  "speed": null,
                  "pass": false,
                  "fail": false,
                  "pending": true,
                  "context": null,
                  "code": "",
                  "err": {},
                  "uuid": "d85f47c1-b6e2-428b-aa57-deee1cefa44a",
                  "parentUUID": "7ce67cb5-6eb6-4062-9a8f-ed92913cb625",
                  "isHook": false,
                  "skipped": false
                }
              ],
              "suites": [],
              "passes": [],
              "failures": [],
              "pending": [
                "d85f47c1-b6e2-428b-aa57-deee1cefa44a"
              ],
              "skipped": [],
              "duration": 0,
              "root": false,
              "rootEmpty": false,
              "_timeout": 20000
            },
            {
              "uuid": "9cbf4e9b-33ca-4207-801e-34179cd988bb",
              "title": "with headers",
              "fullFile": "/home/abhishek/Documents/Macrometa/jsC8/lib/async/test/00-basics.js",
              "file": "/lib/async/test/00-basics.js",
              "beforeHooks": [],
              "afterHooks": [],
              "tests": [
                {
                  "title": "applies the headers",
                  "fullTitle": "Configuring the driver with headers applies the headers",
                  "timedOut": false,
                  "duration": 1,
                  "state": "passed",
                  "speed": "fast",
                  "pass": true,
                  "fail": false,
                  "pending": false,
                  "context": null,
                  "code": "const conn = new connection_1.Connection({\n    headers: {\n        \"x-one\": \"1\",\n        \"x-two\": \"2\"\n    }\n});\nconn._hosts = [\n    ({ headers }) => {\n        chai_1.expect(headers).to.have.property(\"x-one\", \"1\");\n        chai_1.expect(headers).to.have.property(\"x-two\", \"2\");\n        done();\n    }\n];\nconn.request({ headers: {} }, () => { });",
                  "err": {},
                  "uuid": "77605881-9cf1-4412-9816-3a7b719ba0e1",
                  "parentUUID": "9cbf4e9b-33ca-4207-801e-34179cd988bb",
                  "isHook": false,
                  "skipped": false
                }
              ],
              "suites": [],
              "passes": [
                "77605881-9cf1-4412-9816-3a7b719ba0e1"
              ],
              "failures": [],
              "pending": [],
              "skipped": [],
              "duration": 1,
              "root": false,
              "rootEmpty": false,
              "_timeout": 20000
            },
            {
              "uuid": "0d51de79-1c43-4456-936e-22077958700a",
              "title": "with an c8Version",
              "fullFile": "/home/abhishek/Documents/Macrometa/jsC8/lib/async/test/00-basics.js",
              "file": "/lib/async/test/00-basics.js",
              "beforeHooks": [],
              "afterHooks": [],
              "tests": [
                {
                  "title": "sets the x-c8-version header",
                  "fullTitle": "Configuring the driver with an c8Version sets the x-c8-version header",
                  "timedOut": false,
                  "duration": 0,
                  "state": "passed",
                  "speed": "fast",
                  "pass": true,
                  "fail": false,
                  "pending": false,
                  "context": null,
                  "code": "const conn = new connection_1.Connection({ c8Version: 99999 });\nconn._hosts = [\n    ({ headers }) => {\n        chai_1.expect(headers).to.have.property(\"x-c8-version\", \"99999\");\n        done();\n    }\n];\nconn.request({ headers: {} }, () => { });",
                  "err": {},
                  "uuid": "16b630a7-8c10-47cb-aab0-7e8d9d7fb69f",
                  "parentUUID": "0d51de79-1c43-4456-936e-22077958700a",
                  "isHook": false,
                  "skipped": false
                }
              ],
              "suites": [],
              "passes": [
                "16b630a7-8c10-47cb-aab0-7e8d9d7fb69f"
              ],
              "failures": [],
              "pending": [],
              "skipped": [],
              "duration": 0,
              "root": false,
              "rootEmpty": false,
              "_timeout": 20000
            },
            {
              "uuid": "ef74f444-c3db-4bf1-b3a0-54f179208c9c",
              "title": "with agentOptions",
              "fullFile": "/home/abhishek/Documents/Macrometa/jsC8/lib/async/test/00-basics.js",
              "file": "/lib/async/test/00-basics.js",
              "beforeHooks": [
                {
                  "title": "\"before all\" hook",
                  "fullTitle": "Configuring the driver with agentOptions \"before all\" hook",
                  "timedOut": false,
                  "duration": 1,
                  "state": null,
                  "speed": null,
                  "pass": false,
                  "fail": false,
                  "pending": false,
                  "context": null,
                  "code": "let Agent = (ptcl) => function (opts) {\n    protocol = ptcl;\n    options = opts;\n    return () => null;\n};\nhttp.Agent = Agent(\"http\");\nhttps.Agent = Agent(\"https\");",
                  "err": {},
                  "uuid": "282a7651-0219-4a6f-906e-181bc2808165",
                  "parentUUID": "ef74f444-c3db-4bf1-b3a0-54f179208c9c",
                  "isHook": true,
                  "skipped": false
                },
                {
                  "title": "\"before each\" hook",
                  "fullTitle": "Configuring the driver with agentOptions \"before each\" hook",
                  "timedOut": false,
                  "duration": 0,
                  "state": null,
                  "speed": null,
                  "pass": false,
                  "fail": false,
                  "pending": false,
                  "context": null,
                  "code": "protocol = undefined;\noptions = undefined;",
                  "err": {},
                  "uuid": "a6588ca4-a4f3-4a9f-ba23-46fa636097fb",
                  "parentUUID": "ef74f444-c3db-4bf1-b3a0-54f179208c9c",
                  "isHook": true,
                  "skipped": false
                }
              ],
              "afterHooks": [
                {
                  "title": "\"after all\" hook",
                  "fullTitle": "Configuring the driver with agentOptions \"after all\" hook",
                  "timedOut": false,
                  "duration": 0,
                  "state": null,
                  "speed": null,
                  "pass": false,
                  "fail": false,
                  "pending": false,
                  "context": null,
                  "code": "http.Agent = _httpAgent;\nhttps.Agent = _httpsAgent;",
                  "err": {},
                  "uuid": "c7293a6c-6f83-4a77-a4d0-b9e4442aa57c",
                  "parentUUID": "ef74f444-c3db-4bf1-b3a0-54f179208c9c",
                  "isHook": true,
                  "skipped": false
                }
              ],
              "tests": [
                {
                  "title": "passes the agentOptions to the agent",
                  "fullTitle": "Configuring the driver with agentOptions passes the agentOptions to the agent",
                  "timedOut": false,
                  "duration": 0,
                  "state": "passed",
                  "speed": "fast",
                  "pass": true,
                  "fail": false,
                  "pending": false,
                  "context": null,
                  "code": "new connection_1.Connection({ agentOptions: { hello: \"world\" } }); // eslint-disable-line no-new\nchai_1.expect(options).to.have.property(\"hello\", \"world\");",
                  "err": {},
                  "uuid": "97cbeb08-87b5-4591-9bd6-0c8a8d949e0a",
                  "parentUUID": "ef74f444-c3db-4bf1-b3a0-54f179208c9c",
                  "isHook": false,
                  "skipped": false
                },
                {
                  "title": "uses the built-in agent for the protocol",
                  "fullTitle": "Configuring the driver with agentOptions uses the built-in agent for the protocol",
                  "timedOut": false,
                  "duration": 1,
                  "state": "passed",
                  "speed": "fast",
                  "pass": true,
                  "fail": false,
                  "pending": false,
                  "context": null,
                  "code": "// default: http\nnew connection_1.Connection(); // eslint-disable-line no-new\n// expect(protocol).to.equal(\"http\");\nnew connection_1.Connection(\"https://test.macrometa.io\"); // eslint-disable-line no-new\nchai_1.expect(protocol).to.equal(\"https\");",
                  "err": {},
                  "uuid": "ab26d99f-2825-477d-98ef-68b10a7938e5",
                  "parentUUID": "ef74f444-c3db-4bf1-b3a0-54f179208c9c",
                  "isHook": false,
                  "skipped": false
                }
              ],
              "suites": [],
              "passes": [
                "97cbeb08-87b5-4591-9bd6-0c8a8d949e0a",
                "ab26d99f-2825-477d-98ef-68b10a7938e5"
              ],
              "failures": [],
              "pending": [],
              "skipped": [],
              "duration": 1,
              "root": false,
              "rootEmpty": false,
              "_timeout": 20000
            },
            {
              "uuid": "53de926a-1522-4902-b7f7-a2a6f76a1291",
              "title": "with agent",
              "fullFile": "/home/abhishek/Documents/Macrometa/jsC8/lib/async/test/00-basics.js",
              "file": "/lib/async/test/00-basics.js",
              "beforeHooks": [
                {
                  "title": "\"before all\" hook",
                  "fullTitle": "Configuring the driver with agent \"before all\" hook",
                  "timedOut": false,
                  "duration": 0,
                  "state": null,
                  "speed": null,
                  "pass": false,
                  "fail": false,
                  "pending": false,
                  "context": null,
                  "code": "let Request = (ptcl) => (opts) => {\n    protocol = ptcl;\n    options = opts;\n    return {\n        on() {\n            return this;\n        },\n        end() {\n            return this;\n        }\n    };\n};\nhttp.request = Request(\"http\");\nhttps.request = Request(\"https\");",
                  "err": {},
                  "uuid": "1d21317b-eb43-48e4-814c-df386f466f03",
                  "parentUUID": "53de926a-1522-4902-b7f7-a2a6f76a1291",
                  "isHook": true,
                  "skipped": false
                },
                {
                  "title": "\"before each\" hook",
                  "fullTitle": "Configuring the driver with agent \"before each\" hook",
                  "timedOut": false,
                  "duration": 0,
                  "state": null,
                  "speed": null,
                  "pass": false,
                  "fail": false,
                  "pending": false,
                  "context": null,
                  "code": "protocol = undefined;\noptions = undefined;",
                  "err": {},
                  "uuid": "ae8d2d7f-e255-4992-bd85-bcd5b38a3d75",
                  "parentUUID": "53de926a-1522-4902-b7f7-a2a6f76a1291",
                  "isHook": true,
                  "skipped": false
                }
              ],
              "afterHooks": [
                {
                  "title": "\"after all\" hook",
                  "fullTitle": "Configuring the driver with agent \"after all\" hook",
                  "timedOut": false,
                  "duration": 0,
                  "state": null,
                  "speed": null,
                  "pass": false,
                  "fail": false,
                  "pending": false,
                  "context": null,
                  "code": "http.request = _httpRequest;\nhttps.request = _httpsRequest;",
                  "err": {},
                  "uuid": "bf1236a1-100e-4f82-8c9f-11af6d326908",
                  "parentUUID": "53de926a-1522-4902-b7f7-a2a6f76a1291",
                  "isHook": true,
                  "skipped": false
                }
              ],
              "tests": [
                {
                  "title": "passes the agent to the request function",
                  "fullTitle": "Configuring the driver with agent passes the agent to the request function",
                  "timedOut": false,
                  "duration": 1,
                  "state": "passed",
                  "speed": "fast",
                  "pass": true,
                  "fail": false,
                  "pending": false,
                  "context": null,
                  "code": "let agent = Symbol(\"agent\");\nlet conn;\nconn = new connection_1.Connection({ agent }); // default: https\nconn.request({ headers: {} }, () => { });\nchai_1.expect(options).to.have.property(\"agent\", agent);\nagent = Symbol(\"agent\");\nconn = new connection_1.Connection({ agent, url: \"https://test.macrometa.io\" });\nconn.request({ headers: {} }, () => { });\nchai_1.expect(options).to.have.property(\"agent\", agent);",
                  "err": {},
                  "uuid": "216a0be1-c549-4614-b83b-255603888e0c",
                  "parentUUID": "53de926a-1522-4902-b7f7-a2a6f76a1291",
                  "isHook": false,
                  "skipped": false
                },
                {
                  "title": "uses the request function for the protocol",
                  "fullTitle": "Configuring the driver with agent uses the request function for the protocol",
                  "timedOut": false,
                  "duration": 0,
                  "state": "passed",
                  "speed": "fast",
                  "pass": true,
                  "fail": false,
                  "pending": false,
                  "context": null,
                  "code": "const agent = Symbol(\"agent\");\nlet conn;\nconn = new connection_1.Connection({ agent }); // default: http\nconn.request({ headers: {} }, () => { });\nchai_1.expect(protocol).to.equal(\"https\");\nconn = new connection_1.Connection({ agent, url: \"https://test.macrometa.io\" });\nconn.request({ headers: {} }, () => { });\nchai_1.expect(protocol).to.equal(\"https\");",
                  "err": {},
                  "uuid": "df7aea94-1cdd-49f1-9478-4d68b5234945",
                  "parentUUID": "53de926a-1522-4902-b7f7-a2a6f76a1291",
                  "isHook": false,
                  "skipped": false
                },
                {
                  "title": "calls Agent#destroy when the connection is closed",
                  "fullTitle": "Configuring the driver with agent calls Agent#destroy when the connection is closed",
                  "timedOut": false,
                  "duration": 0,
                  "state": "passed",
                  "speed": "fast",
                  "pass": true,
                  "fail": false,
                  "pending": false,
                  "context": null,
                  "code": "const agent = {\n    _destroyed: false,\n    destroy() {\n        this._destroyed = true;\n    }\n};\nconst conn = new connection_1.Connection({ agent });\nchai_1.expect(agent._destroyed).to.equal(false);\nconn.close();\nchai_1.expect(agent._destroyed).to.equal(true);",
                  "err": {},
                  "uuid": "857afb18-c60e-4f39-84f2-4e5d179034fd",
                  "parentUUID": "53de926a-1522-4902-b7f7-a2a6f76a1291",
                  "isHook": false,
                  "skipped": false
                }
              ],
              "suites": [],
              "passes": [
                "216a0be1-c549-4614-b83b-255603888e0c",
                "df7aea94-1cdd-49f1-9478-4d68b5234945",
                "857afb18-c60e-4f39-84f2-4e5d179034fd"
              ],
              "failures": [],
              "pending": [],
              "skipped": [],
              "duration": 1,
              "root": false,
              "rootEmpty": false,
              "_timeout": 20000
            }
          ],
          "passes": [],
          "failures": [],
          "pending": [],
          "skipped": [],
          "duration": 0,
          "root": false,
          "rootEmpty": false,
          "_timeout": 20000
        },
        {
          "uuid": "3bf37b8f-671c-4595-b4b1-ff38b963b466",
          "title": "Manipulating fabrics",
          "fullFile": "/home/abhishek/Documents/Macrometa/jsC8/lib/async/test/01-manipulating-fabrics.js",
          "file": "/lib/async/test/01-manipulating-fabrics.js",
          "beforeHooks": [
            {
              "title": "\"before all\" hook",
              "fullTitle": "Manipulating fabrics \"before all\" hook",
              "timedOut": false,
              "duration": 1211,
              "state": null,
              "speed": null,
              "pass": false,
              "fail": false,
              "pending": false,
              "context": null,
              "code": "fabric = new jsC8_1.Fabric({\n    url: testUrl,\n    c8Version: C8_VERSION\n});\nawait fabric.login(\"guest@macrometa.io\", \"guest\");\nfabric.useTenant(\"guest\");\nconst response = await fabric.getAllEdgeLocations();\ndcList = helper_1.getDCListString(response);",
              "err": {},
              "uuid": "bcb17750-1989-42fb-b2c8-ba8724df4de6",
              "parentUUID": "3bf37b8f-671c-4595-b4b1-ff38b963b466",
              "isHook": true,
              "skipped": false
            },
            {
              "title": "\"before all\" hook",
              "fullTitle": "Manipulating fabrics \"before all\" hook",
              "timedOut": false,
              "duration": 1022,
              "state": null,
              "speed": null,
              "pass": false,
              "fail": false,
              "pending": false,
              "context": null,
              "code": "const fabric2 = new jsC8_1.Fabric({\n    url: testUrl\n});\nawait fabric2.login(\"guest@macrometa.io\", \"guest\");\nfabric2.useTenant(\"guest\");\ncollection = fabric2.collection(collectionName);\nawait collection.create();",
              "err": {},
              "uuid": "20c12587-fe80-4836-9f59-9acf92cce32b",
              "parentUUID": "3bf37b8f-671c-4595-b4b1-ff38b963b466",
              "isHook": true,
              "skipped": false
            },
            {
              "title": "\"before each\" hook",
              "fullTitle": "Manipulating fabrics \"before each\" hook",
              "timedOut": false,
              "duration": 1001,
              "state": null,
              "speed": null,
              "pass": false,
              "fail": false,
              "pending": false,
              "context": null,
              "code": "fabric = new jsC8_1.Fabric({\n    url: testUrl,\n    c8Version: C8_VERSION\n});\nawait fabric.login(\"guest@macrometa.io\", \"guest\");\nfabric.useTenant(\"guest\");\nconst response = await fabric.getAllEdgeLocations();\ndcList = helper_1.getDCListString(response);",
              "err": {},
              "uuid": "0526bc7a-e6ed-4d05-8f9d-d410304316e2",
              "parentUUID": "3bf37b8f-671c-4595-b4b1-ff38b963b466",
              "isHook": true,
              "skipped": false
            },
            {
              "title": "\"before each\" hook",
              "fullTitle": "Manipulating fabrics \"before each\" hook",
              "timedOut": false,
              "duration": 0,
              "state": null,
              "speed": null,
              "pass": false,
              "fail": false,
              "pending": false,
              "context": null,
              "code": "fabric.useFabric(\"_system\")",
              "err": {},
              "uuid": "cd56b994-3122-4871-a937-73684bc4afc7",
              "parentUUID": "3bf37b8f-671c-4595-b4b1-ff38b963b466",
              "isHook": true,
              "skipped": false
            }
          ],
          "afterHooks": [
            {
              "title": "\"after all\" hook",
              "fullTitle": "Manipulating fabrics \"after all\" hook",
              "timedOut": false,
              "duration": 0,
              "state": null,
              "speed": null,
              "pass": false,
              "fail": false,
              "pending": false,
              "context": null,
              "code": "fabric.close();",
              "err": {},
              "uuid": "e0d12988-d9b7-4a9f-82a9-6bd90d31d583",
              "parentUUID": "3bf37b8f-671c-4595-b4b1-ff38b963b466",
              "isHook": true,
              "skipped": false
            },
            {
              "title": "\"after all\" hook",
              "fullTitle": "Manipulating fabrics \"after all\" hook",
              "timedOut": false,
              "duration": 225,
              "state": null,
              "speed": null,
              "pass": false,
              "fail": false,
              "pending": false,
              "context": null,
              "code": "await collection.drop();",
              "err": {},
              "uuid": "756eb6f0-d5d8-4bc3-9069-f3948b7d9173",
              "parentUUID": "3bf37b8f-671c-4595-b4b1-ff38b963b466",
              "isHook": true,
              "skipped": false
            },
            {
              "title": "\"after each\" hook",
              "fullTitle": "Manipulating fabrics \"after each\" hook",
              "timedOut": false,
              "duration": 0,
              "state": null,
              "speed": null,
              "pass": false,
              "fail": false,
              "pending": false,
              "context": null,
              "code": "fabric.close();",
              "err": {},
              "uuid": "8366597b-dbb0-4a6c-a428-172d28a8aa0b",
              "parentUUID": "3bf37b8f-671c-4595-b4b1-ff38b963b466",
              "isHook": true,
              "skipped": false
            }
          ],
          "tests": [],
          "suites": [
            {
              "uuid": "98beef53-375b-469c-8480-83508ce26bea",
              "title": "fabric.version",
              "fullFile": "/home/abhishek/Documents/Macrometa/jsC8/lib/async/test/01-manipulating-fabrics.js",
              "file": "/lib/async/test/01-manipulating-fabrics.js",
              "beforeHooks": [],
              "afterHooks": [],
              "tests": [
                {
                  "title": "should return the version object when no details are required",
                  "fullTitle": "Manipulating fabrics fabric.version should return the version object when no details are required",
                  "timedOut": false,
                  "duration": 210,
                  "state": "failed",
                  "speed": null,
                  "pass": false,
                  "fail": true,
                  "pending": false,
                  "context": null,
                  "code": "const response = await fabric.version();\nchai_1.expect(response.server).to.equal(\"C8\");",
                  "err": {
                    "message": "AssertionError: expected 'C8DB' to equal 'C8'",
                    "estack": "AssertionError: expected 'C8DB' to equal 'C8'\n    at Context.it (src/test/01-manipulating-fabrics.ts:55:34)\n    at process._tickCallback (internal/process/next_tick.js:68:7)",
                    "diff": "- C8DB\n+ C8\n"
                  },
                  "uuid": "5079d506-d88d-4d87-a21c-4939e0089dda",
                  "parentUUID": "98beef53-375b-469c-8480-83508ce26bea",
                  "isHook": false,
                  "skipped": false
                },
                {
                  "title": "should return the version object when details are required",
                  "fullTitle": "Manipulating fabrics fabric.version should return the version object when details are required",
                  "timedOut": false,
                  "duration": 208,
                  "state": "failed",
                  "speed": null,
                  "pass": false,
                  "fail": true,
                  "pending": false,
                  "context": null,
                  "code": "const response = await fabric.version(true);\nchai_1.expect(response.server).to.equal(\"C8\");\nchai_1.expect(response.details).to.haveOwnProperty(\"C8DB\");",
                  "err": {
                    "message": "AssertionError: expected 'C8DB' to equal 'C8'",
                    "estack": "AssertionError: expected 'C8DB' to equal 'C8'\n    at Context.it (src/test/01-manipulating-fabrics.ts:59:34)\n    at process._tickCallback (internal/process/next_tick.js:68:7)",
                    "diff": "- C8DB\n+ C8\n"
                  },
                  "uuid": "8975345f-8d0f-4746-8cfb-688b2c4a074f",
                  "parentUUID": "98beef53-375b-469c-8480-83508ce26bea",
                  "isHook": false,
                  "skipped": false
                }
              ],
              "suites": [],
              "passes": [],
              "failures": [
                "5079d506-d88d-4d87-a21c-4939e0089dda",
                "8975345f-8d0f-4746-8cfb-688b2c4a074f"
              ],
              "pending": [],
              "skipped": [],
              "duration": 418,
              "root": false,
              "rootEmpty": false,
              "_timeout": 60000
            },
            {
              "uuid": "4e6f76d8-159f-432c-ab05-8877d5c37b44",
              "title": "fabric.useFabric",
              "fullFile": "/home/abhishek/Documents/Macrometa/jsC8/lib/async/test/01-manipulating-fabrics.js",
              "file": "/lib/async/test/01-manipulating-fabrics.js",
              "beforeHooks": [],
              "afterHooks": [],
              "tests": [
                {
                  "title": "updates the fabric name",
                  "fullTitle": "Manipulating fabrics fabric.useFabric updates the fabric name",
                  "timedOut": false,
                  "duration": 1,
                  "state": "passed",
                  "speed": "fast",
                  "pass": true,
                  "fail": false,
                  "pending": false,
                  "context": null,
                  "code": "const name = \"example\";\nchai_1.expect(fabric.name).to.equal(\"_system\"); // default\nfabric.useFabric(name);\nchai_1.expect(fabric._connection).to.have.property(\"_fabricName\", name);\nchai_1.expect(fabric.name).to.equal(name);",
                  "err": {},
                  "uuid": "44d86c16-0409-47ee-8f72-d419a01113e8",
                  "parentUUID": "4e6f76d8-159f-432c-ab05-8877d5c37b44",
                  "isHook": false,
                  "skipped": false
                },
                {
                  "title": "returns itself",
                  "fullTitle": "Manipulating fabrics fabric.useFabric returns itself",
                  "timedOut": false,
                  "duration": 0,
                  "state": "passed",
                  "speed": "fast",
                  "pass": true,
                  "fail": false,
                  "pending": false,
                  "context": null,
                  "code": "const fabric2 = fabric.useFabric(\"nope\");\nchai_1.expect(fabric).to.equal(fabric2);",
                  "err": {},
                  "uuid": "2a86a420-9e86-4a63-8f07-1abe9fa36601",
                  "parentUUID": "4e6f76d8-159f-432c-ab05-8877d5c37b44",
                  "isHook": false,
                  "skipped": false
                }
              ],
              "suites": [],
              "passes": [
                "44d86c16-0409-47ee-8f72-d419a01113e8",
                "2a86a420-9e86-4a63-8f07-1abe9fa36601"
              ],
              "failures": [],
              "pending": [],
              "skipped": [],
              "duration": 1,
              "root": false,
              "rootEmpty": false,
              "_timeout": 60000
            },
            {
              "uuid": "55d725b4-7433-4956-9145-633f48cac8cb",
              "title": "fabric.edgeLocations",
              "fullFile": "/home/abhishek/Documents/Macrometa/jsC8/lib/async/test/01-manipulating-fabrics.js",
              "file": "/lib/async/test/01-manipulating-fabrics.js",
              "beforeHooks": [],
              "afterHooks": [],
              "tests": [
                {
                  "title": "gets all the edge locations",
                  "fullTitle": "Manipulating fabrics fabric.edgeLocations gets all the edge locations",
                  "timedOut": false,
                  "duration": 207,
                  "state": "passed",
                  "speed": "slow",
                  "pass": true,
                  "fail": false,
                  "pending": false,
                  "context": null,
                  "code": "const response = await fabric.getAllEdgeLocations();\nchai_1.expect(Array.isArray(response)).to.be.true;\nchai_1.expect(response[0]).to.haveOwnProperty(\"_id\");\nchai_1.expect(response[0]).to.haveOwnProperty(\"name\");\nchai_1.expect(response[0]).to.haveOwnProperty(\"tags\");\nchai_1.expect(response.length).to.be.greaterThan(0);",
                  "err": {},
                  "uuid": "e2609a38-b605-4cff-82d1-7f2476178f90",
                  "parentUUID": "55d725b4-7433-4956-9145-633f48cac8cb",
                  "isHook": false,
                  "skipped": false
                },
                {
                  "title": "gets local edge location",
                  "fullTitle": "Manipulating fabrics fabric.edgeLocations gets local edge location",
                  "timedOut": false,
                  "duration": 205,
                  "state": "passed",
                  "speed": "slow",
                  "pass": true,
                  "fail": false,
                  "pending": false,
                  "context": null,
                  "code": "const response = await fabric.getLocalEdgeLocation();\nchai_1.expect(Array.isArray(response)).to.be.false;\nchai_1.expect(response).to.haveOwnProperty(\"_id\");\nchai_1.expect(response).to.haveOwnProperty(\"name\");\nchai_1.expect(response).to.haveOwnProperty(\"tags\");",
                  "err": {},
                  "uuid": "d591c7e2-aa3a-463c-bd62-c1933762bc7e",
                  "parentUUID": "55d725b4-7433-4956-9145-633f48cac8cb",
                  "isHook": false,
                  "skipped": false
                }
              ],
              "suites": [],
              "passes": [
                "e2609a38-b605-4cff-82d1-7f2476178f90",
                "d591c7e2-aa3a-463c-bd62-c1933762bc7e"
              ],
              "failures": [],
              "pending": [],
              "skipped": [],
              "duration": 412,
              "root": false,
              "rootEmpty": false,
              "_timeout": 60000
            },
            {
              "uuid": "23509f0b-fca9-4a49-a3f3-84ea34e02e67",
              "title": "fabric.createFabric",
              "fullFile": "/home/abhishek/Documents/Macrometa/jsC8/lib/async/test/01-manipulating-fabrics.js",
              "file": "/lib/async/test/01-manipulating-fabrics.js",
              "beforeHooks": [],
              "afterHooks": [
                {
                  "title": "\"after each\" hook",
                  "fullTitle": "Manipulating fabrics fabric.createFabric \"after each\" hook",
                  "timedOut": false,
                  "duration": 252,
                  "state": null,
                  "speed": null,
                  "pass": false,
                  "fail": false,
                  "pending": false,
                  "context": null,
                  "code": "fabric.useFabric(\"_system\");\nawait fabric.dropFabric(name);",
                  "err": {},
                  "uuid": "420ac08a-68c6-453b-9a18-07f0c5339cc8",
                  "parentUUID": "23509f0b-fca9-4a49-a3f3-84ea34e02e67",
                  "isHook": true,
                  "skipped": false
                }
              ],
              "tests": [
                {
                  "title": "creates a fabric with the given name",
                  "fullTitle": "Manipulating fabrics fabric.createFabric creates a fabric with the given name",
                  "timedOut": false,
                  "duration": 511,
                  "state": "passed",
                  "speed": "slow",
                  "pass": true,
                  "fail": false,
                  "pending": false,
                  "context": null,
                  "code": "await fabric.createFabric(name, [{ username: \"root\" }], {\n    dcList: dcList\n});\nfabric.useFabric(name);\nconst info = await fabric.get();\nchai_1.expect(info.name).to.equal(name);",
                  "err": {},
                  "uuid": "7a78e2fc-6923-4565-a35c-33933ac676b0",
                  "parentUUID": "23509f0b-fca9-4a49-a3f3-84ea34e02e67",
                  "isHook": false,
                  "skipped": false
                },
                {
                  "title": "adds the given users to the fabric",
                  "fullTitle": "Manipulating fabrics fabric.createFabric adds the given users to the fabric",
                  "timedOut": false,
                  "duration": 0,
                  "state": null,
                  "speed": null,
                  "pass": false,
                  "fail": false,
                  "pending": true,
                  "context": null,
                  "code": "",
                  "err": {},
                  "uuid": "28644753-1233-4fef-8fea-36a14442cd00",
                  "parentUUID": "23509f0b-fca9-4a49-a3f3-84ea34e02e67",
                  "isHook": false,
                  "skipped": false
                }
              ],
              "suites": [],
              "passes": [
                "7a78e2fc-6923-4565-a35c-33933ac676b0"
              ],
              "failures": [],
              "pending": [
                "28644753-1233-4fef-8fea-36a14442cd00"
              ],
              "skipped": [],
              "duration": 511,
              "root": false,
              "rootEmpty": false,
              "_timeout": 60000
            },
            {
              "uuid": "822705b9-c1f5-4deb-9090-9a5918352bbf",
              "title": "fabric.get",
              "fullFile": "/home/abhishek/Documents/Macrometa/jsC8/lib/async/test/01-manipulating-fabrics.js",
              "file": "/lib/async/test/01-manipulating-fabrics.js",
              "beforeHooks": [],
              "afterHooks": [],
              "tests": [
                {
                  "title": "fetches the fabric description if the fabric exists",
                  "fullTitle": "Manipulating fabrics fabric.get fetches the fabric description if the fabric exists",
                  "timedOut": false,
                  "duration": 824,
                  "state": "passed",
                  "speed": "slow",
                  "pass": true,
                  "fail": false,
                  "pending": false,
                  "context": null,
                  "code": "const info = await fabric.get();\nchai_1.expect(info.name).to.equal(fabric.name);\nchai_1.expect(fabric.name).to.equal(\"_system\");",
                  "err": {},
                  "uuid": "5ef5de9e-040c-48a1-a34b-7323f5be7e65",
                  "parentUUID": "822705b9-c1f5-4deb-9090-9a5918352bbf",
                  "isHook": false,
                  "skipped": false
                },
                {
                  "title": "fails if the fabric does not exist",
                  "fullTitle": "Manipulating fabrics fabric.get fails if the fabric does not exist",
                  "timedOut": false,
                  "duration": 245,
                  "state": "passed",
                  "speed": "slow",
                  "pass": true,
                  "fail": false,
                  "pending": false,
                  "context": null,
                  "code": "fabric.useFabric(\"__does_not_exist__\");\ntry {\n    await fabric.get();\n}\ncatch (e) {\n    chai_1.expect(e).to.be.an.instanceof(error_1.C8Error);\n    return;\n}\nchai_1.expect.fail(\"should not succeed\");",
                  "err": {},
                  "uuid": "3263663d-e4a0-4580-9577-fde4ce7d9348",
                  "parentUUID": "822705b9-c1f5-4deb-9090-9a5918352bbf",
                  "isHook": false,
                  "skipped": false
                }
              ],
              "suites": [],
              "passes": [
                "5ef5de9e-040c-48a1-a34b-7323f5be7e65",
                "3263663d-e4a0-4580-9577-fde4ce7d9348"
              ],
              "failures": [],
              "pending": [],
              "skipped": [],
              "duration": 1069,
              "root": false,
              "rootEmpty": false,
              "_timeout": 60000
            },
            {
              "uuid": "09dafdad-0f33-4719-9672-3a0edeae4640",
              "title": "fabric.listFabrics",
              "fullFile": "/home/abhishek/Documents/Macrometa/jsC8/lib/async/test/01-manipulating-fabrics.js",
              "file": "/lib/async/test/01-manipulating-fabrics.js",
              "beforeHooks": [],
              "afterHooks": [],
              "tests": [
                {
                  "title": "returns a list of all fabrics",
                  "fullTitle": "Manipulating fabrics fabric.listFabrics returns a list of all fabrics",
                  "timedOut": false,
                  "duration": 179,
                  "state": "passed",
                  "speed": "slow",
                  "pass": true,
                  "fail": false,
                  "pending": false,
                  "context": null,
                  "code": "const fabrics = await fabric.listFabrics();\nchai_1.expect(fabrics).to.be.an.instanceof(Array);\nchai_1.expect(fabrics.indexOf(\"_system\")).to.be.greaterThan(-1);",
                  "err": {},
                  "uuid": "932e9459-b0d7-409a-a362-e2c0f69e59dd",
                  "parentUUID": "09dafdad-0f33-4719-9672-3a0edeae4640",
                  "isHook": false,
                  "skipped": false
                }
              ],
              "suites": [],
              "passes": [
                "932e9459-b0d7-409a-a362-e2c0f69e59dd"
              ],
              "failures": [],
              "pending": [],
              "skipped": [],
              "duration": 179,
              "root": false,
              "rootEmpty": false,
              "_timeout": 60000
            },
            {
              "uuid": "64259d38-3599-467e-b744-d6fd828d4f53",
              "title": "fabric.listUserFabrics",
              "fullFile": "/home/abhishek/Documents/Macrometa/jsC8/lib/async/test/01-manipulating-fabrics.js",
              "file": "/lib/async/test/01-manipulating-fabrics.js",
              "beforeHooks": [],
              "afterHooks": [],
              "tests": [
                {
                  "title": "returns a list of fabrics accessible to the active user",
                  "fullTitle": "Manipulating fabrics fabric.listUserFabrics returns a list of fabrics accessible to the active user",
                  "timedOut": false,
                  "duration": 227,
                  "state": "passed",
                  "speed": "slow",
                  "pass": true,
                  "fail": false,
                  "pending": false,
                  "context": null,
                  "code": "const fabrics = await fabric.listUserFabrics();\nchai_1.expect(fabrics).to.be.an.instanceof(Array);\nchai_1.expect(fabrics[0].name).to.equal(\"_system\");",
                  "err": {},
                  "uuid": "1cdf4254-8085-40ae-97fa-64676be61fee",
                  "parentUUID": "64259d38-3599-467e-b744-d6fd828d4f53",
                  "isHook": false,
                  "skipped": false
                }
              ],
              "suites": [],
              "passes": [
                "1cdf4254-8085-40ae-97fa-64676be61fee"
              ],
              "failures": [],
              "pending": [],
              "skipped": [],
              "duration": 227,
              "root": false,
              "rootEmpty": false,
              "_timeout": 60000
            },
            {
              "uuid": "a92c064f-4cb1-4700-9f02-73cbf3c68a25",
              "title": "fabric.dropFabric",
              "fullFile": "/home/abhishek/Documents/Macrometa/jsC8/lib/async/test/01-manipulating-fabrics.js",
              "file": "/lib/async/test/01-manipulating-fabrics.js",
              "beforeHooks": [
                {
                  "title": "\"before each\" hook",
                  "fullTitle": "Manipulating fabrics fabric.dropFabric \"before each\" hook",
                  "timedOut": false,
                  "duration": 286,
                  "state": null,
                  "speed": null,
                  "pass": false,
                  "fail": false,
                  "pending": false,
                  "context": null,
                  "code": "await fabric.createFabric(name, [{ username: \"root\" }], {\n    dcList: dcList\n});",
                  "err": {},
                  "uuid": "d60653ff-c90e-4748-a8a2-b441dbc80f1e",
                  "parentUUID": "a92c064f-4cb1-4700-9f02-73cbf3c68a25",
                  "isHook": true,
                  "skipped": false
                }
              ],
              "afterHooks": [],
              "tests": [
                {
                  "title": "deletes the given fabric from the server",
                  "fullTitle": "Manipulating fabrics fabric.dropFabric deletes the given fabric from the server",
                  "timedOut": false,
                  "duration": 241,
                  "state": "passed",
                  "speed": "slow",
                  "pass": true,
                  "fail": false,
                  "pending": false,
                  "context": null,
                  "code": "await fabric.dropFabric(name);\nlet temp = new jsC8_1.Fabric().useFabric(name);\ntry {\n    await temp.get();\n}\ncatch (e) {\n    return;\n}\nfinally {\n    temp.close();\n}\nchai_1.expect.fail(\"should not succeed\");",
                  "err": {},
                  "uuid": "a0fbf977-a8ff-4949-abde-4560b66662c7",
                  "parentUUID": "a92c064f-4cb1-4700-9f02-73cbf3c68a25",
                  "isHook": false,
                  "skipped": false
                }
              ],
              "suites": [],
              "passes": [
                "a0fbf977-a8ff-4949-abde-4560b66662c7"
              ],
              "failures": [],
              "pending": [],
              "skipped": [],
              "duration": 241,
              "root": false,
              "rootEmpty": false,
              "_timeout": 60000
            },
            {
              "uuid": "796a1124-facc-46dd-b3dc-2612e5cc8c0d",
              "title": "fabric.truncate",
              "fullFile": "/home/abhishek/Documents/Macrometa/jsC8/lib/async/test/01-manipulating-fabrics.js",
              "file": "/lib/async/test/01-manipulating-fabrics.js",
              "beforeHooks": [
                {
                  "title": "\"before each\" hook",
                  "fullTitle": "Manipulating fabrics fabric.truncate \"before each\" hook",
                  "timedOut": false,
                  "duration": 1951,
                  "state": null,
                  "speed": null,
                  "pass": false,
                  "fail": false,
                  "pending": false,
                  "context": null,
                  "code": "await fabric.createFabric(name, [{ username: \"root\" }], {\n    dcList: dcList\n});\nfabric.useFabric(name);\nawait Promise.all([\n    ...nonSystemCollections.map(async (name) => {\n        let collection = fabric.collection(name);\n        await collection.create();\n        await collection.save({ _key: \"example\" });\n    }),\n    ...systemCollections.map(async (name) => {\n        let collection = fabric.collection(name);\n        await collection.create({ isSystem: true });\n        await collection.save({ _key: \"example\" });\n    })\n]);",
                  "err": {},
                  "uuid": "847f50e5-38b2-4090-8670-b87bf09dfc45",
                  "parentUUID": "796a1124-facc-46dd-b3dc-2612e5cc8c0d",
                  "isHook": true,
                  "skipped": false
                }
              ],
              "afterHooks": [
                {
                  "title": "\"after each\" hook",
                  "fullTitle": "Manipulating fabrics fabric.truncate \"after each\" hook",
                  "timedOut": false,
                  "duration": 223,
                  "state": null,
                  "speed": null,
                  "pass": false,
                  "fail": false,
                  "pending": false,
                  "context": null,
                  "code": "fabric.useFabric(\"_system\");\nawait fabric.dropFabric(name);",
                  "err": {},
                  "uuid": "9c6ab710-abaa-40cd-8b57-20ca837f90b7",
                  "parentUUID": "796a1124-facc-46dd-b3dc-2612e5cc8c0d",
                  "isHook": true,
                  "skipped": false
                }
              ],
              "tests": [
                {
                  "title": "removes all documents from all non-system collections in the fabric",
                  "fullTitle": "Manipulating fabrics fabric.truncate removes all documents from all non-system collections in the fabric",
                  "timedOut": false,
                  "duration": 1826,
                  "state": "passed",
                  "speed": "slow",
                  "pass": true,
                  "fail": false,
                  "pending": false,
                  "context": null,
                  "code": "await fabric.truncate();\nawait Promise.all([\n    ...nonSystemCollections.map(async (name) => {\n        try {\n            await fabric.collection(name).document(\"example\");\n            chai_1.expect.fail(\"Expected document to be destroyed\");\n        }\n        catch (e) {\n            chai_1.expect(e).to.be.an.instanceof(error_1.C8Error);\n            chai_1.expect(e.code).eq(404);\n            return;\n        }\n    }),\n    ...systemCollections.map(async (name) => {\n        try {\n            await fabric.collection(name).document(\"example\");\n            chai_1.expect.fail(\"Expected document to be destroyed\");\n        }\n        catch (e) {\n            chai_1.expect(e).to.be.an.instanceof(error_1.C8Error);\n            chai_1.expect(e.code).eq(404);\n            return;\n        }\n    })\n]);",
                  "err": {},
                  "uuid": "f057ffe0-3fae-4166-bb13-bbdbac917f0d",
                  "parentUUID": "796a1124-facc-46dd-b3dc-2612e5cc8c0d",
                  "isHook": false,
                  "skipped": false
                },
                {
                  "title": "additionally truncates system collections if explicitly passed false",
                  "fullTitle": "Manipulating fabrics fabric.truncate additionally truncates system collections if explicitly passed false",
                  "timedOut": false,
                  "duration": 0,
                  "state": null,
                  "speed": null,
                  "pass": false,
                  "fail": false,
                  "pending": true,
                  "context": null,
                  "code": "",
                  "err": {},
                  "uuid": "4e82f116-1ac9-45bf-9aa4-cdcba8d960a6",
                  "parentUUID": "796a1124-facc-46dd-b3dc-2612e5cc8c0d",
                  "isHook": false,
                  "skipped": false
                }
              ],
              "suites": [],
              "passes": [
                "f057ffe0-3fae-4166-bb13-bbdbac917f0d"
              ],
              "failures": [],
              "pending": [
                "4e82f116-1ac9-45bf-9aa4-cdcba8d960a6"
              ],
              "skipped": [],
              "duration": 1826,
              "root": false,
              "rootEmpty": false,
              "_timeout": 60000
            },
            {
              "uuid": "68f54188-cb93-4d40-ba74-c75134566b87",
              "title": "fabric.validateQuery",
              "fullFile": "/home/abhishek/Documents/Macrometa/jsC8/lib/async/test/01-manipulating-fabrics.js",
              "file": "/lib/async/test/01-manipulating-fabrics.js",
              "beforeHooks": [],
              "afterHooks": [],
              "tests": [
                {
                  "title": "should validate correct query",
                  "fullTitle": "Manipulating fabrics fabric.validateQuery should validate correct query",
                  "timedOut": false,
                  "duration": 204,
                  "state": "passed",
                  "speed": "slow",
                  "pass": true,
                  "fail": false,
                  "pending": false,
                  "context": null,
                  "code": "const response = await fabric.validateQuery(\"for doc in docs return doc\");\nchai_1.expect(response.error).to.be.false;",
                  "err": {},
                  "uuid": "45219399-27e5-4b38-b151-2ff05fdaebed",
                  "parentUUID": "68f54188-cb93-4d40-ba74-c75134566b87",
                  "isHook": false,
                  "skipped": false
                },
                {
                  "title": "should validate incorrect query",
                  "fullTitle": "Manipulating fabrics fabric.validateQuery should validate incorrect query",
                  "timedOut": false,
                  "duration": 206,
                  "state": "passed",
                  "speed": "slow",
                  "pass": true,
                  "fail": false,
                  "pending": false,
                  "context": null,
                  "code": "try {\n    const response = await fabric.validateQuery(\"forrrr doc in docs return doc\");\n    chai_1.expect(response.error).to.be.true;\n}\ncatch (e) {\n    chai_1.expect(e).to.be.an.instanceof(error_1.C8Error);\n}",
                  "err": {},
                  "uuid": "3ee468a8-57e9-4075-9f8d-506bfa9a84c5",
                  "parentUUID": "68f54188-cb93-4d40-ba74-c75134566b87",
                  "isHook": false,
                  "skipped": false
                }
              ],
              "suites": [],
              "passes": [
                "45219399-27e5-4b38-b151-2ff05fdaebed",
                "3ee468a8-57e9-4075-9f8d-506bfa9a84c5"
              ],
              "failures": [],
              "pending": [],
              "skipped": [],
              "duration": 410,
              "root": false,
              "rootEmpty": false,
              "_timeout": 60000
            },
            {
              "uuid": "4a82d277-d744-43be-90cb-4c67563a9a30",
              "title": "fabric.explainQuery",
              "fullFile": "/home/abhishek/Documents/Macrometa/jsC8/lib/async/test/01-manipulating-fabrics.js",
              "file": "/lib/async/test/01-manipulating-fabrics.js",
              "beforeHooks": [],
              "afterHooks": [],
              "tests": [
                {
                  "title": "should explain query",
                  "fullTitle": "Manipulating fabrics fabric.explainQuery should explain query",
                  "timedOut": false,
                  "duration": 226,
                  "state": "failed",
                  "speed": null,
                  "pass": false,
                  "fail": true,
                  "pending": false,
                  "context": null,
                  "code": "const queryObject = {\n    query: `for doc in ${collectionName} return doc`,\n    bindVars: {}\n};\nconst response = await fabric.explainQuery(queryObject);\nchai_1.expect(response.error).to.be.false;",
                  "err": {
                    "message": "C8Error: expecting POST /_api/query",
                    "estack": "C8Error: expecting POST /_api/query\n    at new C8Error (src/error.ts:76:17)\n    at Object.resolve (src/connection.ts:359:20)\n    at _hosts.(anonymous function) (src/connection.ts:202:16)\n    at IncomingMessage.res.on (src/util/request.node.ts:82:15)\n    at endReadableNT (_stream_readable.js:1145:12)\n    at process._tickCallback (internal/process/next_tick.js:63:19)",
                    "diff": null
                  },
                  "uuid": "42cd81a2-6cbb-4980-9a64-5878a9261c34",
                  "parentUUID": "4a82d277-d744-43be-90cb-4c67563a9a30",
                  "isHook": false,
                  "skipped": false
                }
              ],
              "suites": [],
              "passes": [],
              "failures": [
                "42cd81a2-6cbb-4980-9a64-5878a9261c34"
              ],
              "pending": [],
              "skipped": [],
              "duration": 226,
              "root": false,
              "rootEmpty": false,
              "_timeout": 60000
            },
            {
              "uuid": "397a359d-927f-4c4f-8e30-dcc51d8d9991",
              "title": "fabric.getCurrentQueries",
              "fullFile": "/home/abhishek/Documents/Macrometa/jsC8/lib/async/test/01-manipulating-fabrics.js",
              "file": "/lib/async/test/01-manipulating-fabrics.js",
              "beforeHooks": [],
              "afterHooks": [],
              "tests": [
                {
                  "title": "should get currently running queries",
                  "fullTitle": "Manipulating fabrics fabric.getCurrentQueries should get currently running queries",
                  "timedOut": false,
                  "duration": 0,
                  "state": null,
                  "speed": null,
                  "pass": false,
                  "fail": false,
                  "pending": true,
                  "context": null,
                  "code": "",
                  "err": {},
                  "uuid": "aed7416c-ad8f-4085-bbdb-682a84dce150",
                  "parentUUID": "397a359d-927f-4c4f-8e30-dcc51d8d9991",
                  "isHook": false,
                  "skipped": false
                }
              ],
              "suites": [],
              "passes": [],
              "failures": [],
              "pending": [
                "aed7416c-ad8f-4085-bbdb-682a84dce150"
              ],
              "skipped": [],
              "duration": 0,
              "root": false,
              "rootEmpty": false,
              "_timeout": 60000
            },
            {
              "uuid": "97f94b5e-ac5a-4351-b298-be450d7a00c7",
              "title": "fabric.clearSlowQueries",
              "fullFile": "/home/abhishek/Documents/Macrometa/jsC8/lib/async/test/01-manipulating-fabrics.js",
              "file": "/lib/async/test/01-manipulating-fabrics.js",
              "beforeHooks": [],
              "afterHooks": [],
              "tests": [
                {
                  "title": "should clear slow queries",
                  "fullTitle": "Manipulating fabrics fabric.clearSlowQueries should clear slow queries",
                  "timedOut": false,
                  "duration": 0,
                  "state": null,
                  "speed": null,
                  "pass": false,
                  "fail": false,
                  "pending": true,
                  "context": null,
                  "code": "",
                  "err": {},
                  "uuid": "d5843459-dd94-41e5-a0f2-85e29cfeaa51",
                  "parentUUID": "97f94b5e-ac5a-4351-b298-be450d7a00c7",
                  "isHook": false,
                  "skipped": false
                }
              ],
              "suites": [],
              "passes": [],
              "failures": [],
              "pending": [
                "d5843459-dd94-41e5-a0f2-85e29cfeaa51"
              ],
              "skipped": [],
              "duration": 0,
              "root": false,
              "rootEmpty": false,
              "_timeout": 60000
            },
            {
              "uuid": "299c93da-d82e-452d-81da-c1d5f89c3e5c",
              "title": "fabric.terminateRunningQuery",
              "fullFile": "/home/abhishek/Documents/Macrometa/jsC8/lib/async/test/01-manipulating-fabrics.js",
              "file": "/lib/async/test/01-manipulating-fabrics.js",
              "beforeHooks": [],
              "afterHooks": [],
              "tests": [
                {
                  "title": "should terminate running query",
                  "fullTitle": "Manipulating fabrics fabric.terminateRunningQuery should terminate running query",
                  "timedOut": false,
                  "duration": 0,
                  "state": null,
                  "speed": null,
                  "pass": false,
                  "fail": false,
                  "pending": true,
                  "context": null,
                  "code": "",
                  "err": {},
                  "uuid": "b7bbf7ee-7428-4a71-bf9a-2c9d420bdf6b",
                  "parentUUID": "299c93da-d82e-452d-81da-c1d5f89c3e5c",
                  "isHook": false,
                  "skipped": false
                }
              ],
              "suites": [],
              "passes": [],
              "failures": [],
              "pending": [
                "b7bbf7ee-7428-4a71-bf9a-2c9d420bdf6b"
              ],
              "skipped": [],
              "duration": 0,
              "root": false,
              "rootEmpty": false,
              "_timeout": 60000
            }
          ],
          "passes": [],
          "failures": [],
          "pending": [],
          "skipped": [],
          "duration": 0,
          "root": false,
          "rootEmpty": false,
          "_timeout": 60000
        },
        {
          "uuid": "04d645a7-bb3e-413f-bf4d-ea597eb0c30e",
          "title": "Accessing collections",
          "fullFile": "/home/abhishek/Documents/Macrometa/jsC8/lib/async/test/02-accessing-collections.js",
          "file": "/lib/async/test/02-accessing-collections.js",
          "beforeHooks": [
            {
              "title": "\"before all\" hook",
              "fullTitle": "Accessing collections \"before all\" hook",
              "timedOut": false,
              "duration": 1612,
              "state": null,
              "speed": null,
              "pass": false,
              "fail": false,
              "pending": false,
              "context": null,
              "code": "fabric = new jsC8_1.Fabric({\n    url: testUrl,\n    c8Version: Number(process.env.C8_VERSION || 30400)\n});\nawait fabric.login(\"guest@macrometa.io\", \"guest\");\nfabric.useTenant(\"guest\");\nconst response = await fabric.getAllEdgeLocations();\ndcList = helper_1.getDCListString(response);\nawait fabric.createFabric(name, [{ username: \"root\" }], { dcList: dcList });\nfabric.useFabric(name);\nconst collections = await fabric.listCollections(false);\nbuiltinSystemCollections = collections.map((c) => c.name);",
              "err": {},
              "uuid": "e99da1d3-164e-4e1a-a6b9-c2db33f5b007",
              "parentUUID": "04d645a7-bb3e-413f-bf4d-ea597eb0c30e",
              "isHook": true,
              "skipped": false
            }
          ],
          "afterHooks": [
            {
              "title": "\"after all\" hook",
              "fullTitle": "Accessing collections \"after all\" hook",
              "timedOut": false,
              "duration": 262,
              "state": null,
              "speed": null,
              "pass": false,
              "fail": false,
              "pending": false,
              "context": null,
              "code": "try {\n    fabric.useFabric(\"_system\");\n    await fabric.dropFabric(name);\n}\nfinally {\n    fabric.close();\n}",
              "err": {},
              "uuid": "07d5f7fa-7814-4737-b333-2216094d4a7d",
              "parentUUID": "04d645a7-bb3e-413f-bf4d-ea597eb0c30e",
              "isHook": true,
              "skipped": false
            }
          ],
          "tests": [],
          "suites": [
            {
              "uuid": "73ce750d-bca1-4342-a326-8d62444f7a24",
              "title": "fabric.collection",
              "fullFile": "/home/abhishek/Documents/Macrometa/jsC8/lib/async/test/02-accessing-collections.js",
              "file": "/lib/async/test/02-accessing-collections.js",
              "beforeHooks": [],
              "afterHooks": [],
              "tests": [
                {
                  "title": "returns a DocumentCollection instance for the collection",
                  "fullTitle": "Accessing collections fabric.collection returns a DocumentCollection instance for the collection",
                  "timedOut": false,
                  "duration": 1,
                  "state": "passed",
                  "speed": "fast",
                  "pass": true,
                  "fail": false,
                  "pending": false,
                  "context": null,
                  "code": "let name = \"potato\";\nlet collection = fabric.collection(name);\nchai_1.expect(collection).to.be.an.instanceof(collection_1.DocumentCollection);\nchai_1.expect(collection)\n    .to.have.property(\"name\")\n    .that.equals(name);",
                  "err": {},
                  "uuid": "5c9558da-f2ea-4760-98fb-0a4e3ff612bf",
                  "parentUUID": "73ce750d-bca1-4342-a326-8d62444f7a24",
                  "isHook": false,
                  "skipped": false
                }
              ],
              "suites": [],
              "passes": [
                "5c9558da-f2ea-4760-98fb-0a4e3ff612bf"
              ],
              "failures": [],
              "pending": [],
              "skipped": [],
              "duration": 1,
              "root": false,
              "rootEmpty": false,
              "_timeout": 600000
            },
            {
              "uuid": "1e61b50c-7e98-49a4-8470-ff946c0f23c9",
              "title": "fabric.edgeCollection",
              "fullFile": "/home/abhishek/Documents/Macrometa/jsC8/lib/async/test/02-accessing-collections.js",
              "file": "/lib/async/test/02-accessing-collections.js",
              "beforeHooks": [],
              "afterHooks": [],
              "tests": [
                {
                  "title": "returns an EdgeCollection instance for the collection",
                  "fullTitle": "Accessing collections fabric.edgeCollection returns an EdgeCollection instance for the collection",
                  "timedOut": false,
                  "duration": 1,
                  "state": "passed",
                  "speed": "fast",
                  "pass": true,
                  "fail": false,
                  "pending": false,
                  "context": null,
                  "code": "let name = \"tomato\";\nlet collection = fabric.edgeCollection(name);\nchai_1.expect(collection).to.be.an.instanceof(collection_1.EdgeCollection);\nchai_1.expect(collection)\n    .to.have.property(\"name\")\n    .that.equals(name);",
                  "err": {},
                  "uuid": "e2897ffe-6c86-4844-a193-4398539c48ec",
                  "parentUUID": "1e61b50c-7e98-49a4-8470-ff946c0f23c9",
                  "isHook": false,
                  "skipped": false
                }
              ],
              "suites": [],
              "passes": [
                "e2897ffe-6c86-4844-a193-4398539c48ec"
              ],
              "failures": [],
              "pending": [],
              "skipped": [],
              "duration": 1,
              "root": false,
              "rootEmpty": false,
              "_timeout": 600000
            },
            {
              "uuid": "ba470f3d-73b9-4188-bdd4-46b4f538b622",
              "title": "fabric.listCollections",
              "fullFile": "/home/abhishek/Documents/Macrometa/jsC8/lib/async/test/02-accessing-collections.js",
              "file": "/lib/async/test/02-accessing-collections.js",
              "beforeHooks": [
                {
                  "title": "\"before all\" hook",
                  "fullTitle": "Accessing collections fabric.listCollections \"before all\" hook",
                  "timedOut": false,
                  "duration": 1121,
                  "state": null,
                  "speed": null,
                  "pass": false,
                  "fail": false,
                  "pending": false,
                  "context": null,
                  "code": "await Promise.all([\n    ...nonSystemCollectionNames.map(name => fabric.collection(name).create())\n    // ...systemCollectionNames.map(name =>\n    //   fabric.collection(name).create({ isSystem: true })\n    // )\n]);",
                  "err": {},
                  "uuid": "41065b05-bb65-4032-9ae6-2da43178723a",
                  "parentUUID": "ba470f3d-73b9-4188-bdd4-46b4f538b622",
                  "isHook": true,
                  "skipped": false
                }
              ],
              "afterHooks": [
                {
                  "title": "\"after all\" hook",
                  "fullTitle": "Accessing collections fabric.listCollections \"after all\" hook",
                  "timedOut": false,
                  "duration": 408,
                  "state": null,
                  "speed": null,
                  "pass": false,
                  "fail": false,
                  "pending": false,
                  "context": null,
                  "code": "Promise.all([\n    ...nonSystemCollectionNames.map(name => fabric.collection(name).drop())\n    // ...systemCollectionNames.map(name =>\n    //   fabric.collection(name).drop({ isSystem: true })\n    // )\n])\n    .then(() => void done())\n    .catch(done);",
                  "err": {},
                  "uuid": "d6c827c6-4ef5-4383-9492-978d60e4f56f",
                  "parentUUID": "ba470f3d-73b9-4188-bdd4-46b4f538b622",
                  "isHook": true,
                  "skipped": false
                }
              ],
              "tests": [
                {
                  "title": "fetches information about all non-system collections",
                  "fullTitle": "Accessing collections fabric.listCollections fetches information about all non-system collections",
                  "timedOut": false,
                  "duration": 207,
                  "state": "passed",
                  "speed": "slow",
                  "pass": true,
                  "fail": false,
                  "pending": false,
                  "context": null,
                  "code": "fabric\n    .listCollections()\n    .then(collections => {\n    chai_1.expect(collections.length).to.equal(nonSystemCollectionNames.length);\n    chai_1.expect(collections.map((c) => c.name).sort()).to.eql(nonSystemCollectionNames);\n    done();\n})\n    .catch(done);",
                  "err": {},
                  "uuid": "9292dee9-c84a-449b-b9f0-81cfd63c0d12",
                  "parentUUID": "ba470f3d-73b9-4188-bdd4-46b4f538b622",
                  "isHook": false,
                  "skipped": false
                },
                {
                  "title": "includes system collections if explicitly passed false",
                  "fullTitle": "Accessing collections fabric.listCollections includes system collections if explicitly passed false",
                  "timedOut": false,
                  "duration": 203,
                  "state": "passed",
                  "speed": "slow",
                  "pass": true,
                  "fail": false,
                  "pending": false,
                  "context": null,
                  "code": "fabric\n    .listCollections(false)\n    .then(collections => {\n    let allCollectionNames = nonSystemCollectionNames\n        // .concat(systemCollectionNames)\n        .concat(builtinSystemCollections)\n        .sort();\n    chai_1.expect(collections.length).to.be.at.least(allCollectionNames.length);\n    chai_1.expect(collections.map((c) => c.name).sort()).to.eql(allCollectionNames);\n    done();\n})\n    .catch(done);",
                  "err": {},
                  "uuid": "e18a0b4e-6162-460b-ae2b-8c127faca9a2",
                  "parentUUID": "ba470f3d-73b9-4188-bdd4-46b4f538b622",
                  "isHook": false,
                  "skipped": false
                }
              ],
              "suites": [],
              "passes": [
                "9292dee9-c84a-449b-b9f0-81cfd63c0d12",
                "e18a0b4e-6162-460b-ae2b-8c127faca9a2"
              ],
              "failures": [],
              "pending": [],
              "skipped": [],
              "duration": 410,
              "root": false,
              "rootEmpty": false,
              "_timeout": 600000
            },
            {
              "uuid": "32354280-5452-4821-a440-4c8f98f64066",
              "title": "fabric.collections",
              "fullFile": "/home/abhishek/Documents/Macrometa/jsC8/lib/async/test/02-accessing-collections.js",
              "file": "/lib/async/test/02-accessing-collections.js",
              "beforeHooks": [
                {
                  "title": "\"before all\" hook",
                  "fullTitle": "Accessing collections fabric.collections \"before all\" hook",
                  "timedOut": false,
                  "duration": 653,
                  "state": null,
                  "speed": null,
                  "pass": false,
                  "fail": false,
                  "pending": false,
                  "context": null,
                  "code": "Promise.all([\n    ...documentCollectionNames.map(name => fabric.collection(name).create()),\n    ...edgeCollectionNames.map(name => fabric.edgeCollection(name).create())\n])\n    .then(() => void done())\n    .catch(done);",
                  "err": {},
                  "uuid": "dd2de425-f278-417f-85b3-c3f4962e7ddd",
                  "parentUUID": "32354280-5452-4821-a440-4c8f98f64066",
                  "isHook": true,
                  "skipped": false
                }
              ],
              "afterHooks": [
                {
                  "title": "\"after all\" hook",
                  "fullTitle": "Accessing collections fabric.collections \"after all\" hook",
                  "timedOut": false,
                  "duration": 632,
                  "state": null,
                  "speed": null,
                  "pass": false,
                  "fail": false,
                  "pending": false,
                  "context": null,
                  "code": "Promise.all([\n    ...documentCollectionNames.map(name => fabric.collection(name).drop()),\n    ...edgeCollectionNames.map(name => fabric.edgeCollection(name).drop())\n])\n    .then(() => void done())\n    .catch(done);",
                  "err": {},
                  "uuid": "e5f8657d-d021-458e-bcf5-35f96a203719",
                  "parentUUID": "32354280-5452-4821-a440-4c8f98f64066",
                  "isHook": true,
                  "skipped": false
                }
              ],
              "tests": [
                {
                  "title": "creates DocumentCollection and EdgeCollection instances",
                  "fullTitle": "Accessing collections fabric.collections creates DocumentCollection and EdgeCollection instances",
                  "timedOut": false,
                  "duration": 519,
                  "state": "passed",
                  "speed": "slow",
                  "pass": true,
                  "fail": false,
                  "pending": false,
                  "context": null,
                  "code": "fabric\n    .collections()\n    .then(collections => {\n    let documentCollections = collections\n        .filter((c) => c instanceof collection_1.DocumentCollection)\n        .sort();\n    let edgeCollections = collections\n        .filter((c) => c instanceof collection_1.EdgeCollection)\n        .sort();\n    chai_1.expect(documentCollections.length).to.equal(documentCollectionNames.length);\n    chai_1.expect(documentCollections.map((c) => c.name).sort()).to.eql(documentCollectionNames);\n    chai_1.expect(edgeCollections.length).to.equal(edgeCollectionNames.length);\n    chai_1.expect(edgeCollections.map((c) => c.name).sort()).to.eql(edgeCollectionNames);\n    done();\n})\n    .catch(done);",
                  "err": {},
                  "uuid": "a340b766-4c3c-47ac-8941-2233f5cd45ad",
                  "parentUUID": "32354280-5452-4821-a440-4c8f98f64066",
                  "isHook": false,
                  "skipped": false
                },
                {
                  "title": "includes system collections if explicitly passed false",
[...]
              "fullFile": "/home/abhishek/Documents/Macrometa/jsC8/lib/async/test/31-restql.js",
              "file": "/lib/async/test/31-restql.js",
              "beforeHooks": [],
              "afterHooks": [],
              "tests": [
                {
                  "title": "should delete a saved query",
                  "fullTitle": "manipulating restql fabric.deleteSavedQuery should delete a saved query",
                  "timedOut": false,
                  "duration": 0,
                  "state": null,
                  "speed": null,
                  "pass": false,
                  "fail": false,
                  "pending": false,
                  "context": null,
                  "code": "response = await fabric.deleteSavedQuery(queryName);\nchai_1.expect(response.error).to.be.false;",
                  "err": {},
                  "uuid": "1b2cd836-047a-4860-b9a7-901ece7c4e4a",
                  "parentUUID": null,
                  "isHook": false,
                  "skipped": true
                }
              ],
              "suites": [],
              "passes": [],
              "failures": [],
              "pending": [],
              "skipped": [
                "1b2cd836-047a-4860-b9a7-901ece7c4e4a"
              ],
              "duration": 0,
              "root": false,
              "rootEmpty": false,
              "_timeout": 50000
            },
            {
              "uuid": "96b38025-9cd9-4b75-a782-b1cac3563640",
              "title": "fabric.createRestqlCursor",
              "fullFile": "/home/abhishek/Documents/Macrometa/jsC8/lib/async/test/31-restql.js",
              "file": "/lib/async/test/31-restql.js",
              "beforeHooks": [],
              "afterHooks": [],
              "tests": [
                {
                  "title": "should delete a saved query",
                  "fullTitle": "manipulating restql fabric.createRestqlCursor should delete a saved query",
                  "timedOut": false,
                  "duration": 0,
                  "state": null,
                  "speed": null,
                  "pass": false,
                  "fail": false,
                  "pending": true,
                  "context": null,
                  "code": "",
                  "err": {},
                  "uuid": "c225b533-1e30-40a4-a052-6a34753c33fb",
                  "parentUUID": null,
                  "isHook": false,
                  "skipped": false
                }
              ],
              "suites": [],
              "passes": [],
              "failures": [],
              "pending": [
                "c225b533-1e30-40a4-a052-6a34753c33fb"
              ],
              "skipped": [],
              "duration": 0,
              "root": false,
              "rootEmpty": false,
              "_timeout": 50000
            }
          ],
          "passes": [],
          "failures": [],
          "pending": [],
          "skipped": [],
          "duration": 0,
          "root": false,
          "rootEmpty": false,
          "_timeout": 50000
        },
        {
          "uuid": "ce47e702-9408-460d-9c27-407d6cc6b9a1",
          "title": "Manipulating pipelines",
          "fullFile": "/home/abhishek/Documents/Macrometa/jsC8/lib/async/test/32-pipelines.js",
          "file": "/lib/async/test/32-pipelines.js",
          "beforeHooks": [
            {
              "title": "\"before all\" hook",
              "fullTitle": "Manipulating pipelines \"before all\" hook",
              "timedOut": false,
              "duration": 916,
              "state": "failed",
              "speed": null,
              "pass": false,
              "fail": true,
              "pending": false,
              "context": null,
              "code": "fabric = new jsC8_1.Fabric({\n    url: testUrl,\n    c8Version: Number(process.env.C8_VERSION || 30400)\n});\nawait fabric.login(\"guest@macrometa.io\", \"guest\");\nfabric.useTenant(\"guest\");\nfabric.useFabric(\"_system\");",
              "err": {
                "message": "HttpError: Service Unavailable",
                "estack": "HttpError: Service Unavailable\n    at new HttpError (src/error.ts:95:17)\n    at Object.resolve (src/connection.ts:362:20)\n    at _hosts.(anonymous function) (src/connection.ts:202:16)\n    at IncomingMessage.res.on (src/util/request.node.ts:82:15)\n    at endReadableNT (_stream_readable.js:1145:12)\n    at process._tickCallback (internal/process/next_tick.js:63:19)",
                "diff": null
              },
              "uuid": "5992bcc0-7c85-4de5-8e4c-bff850548d65",
              "parentUUID": "ce47e702-9408-460d-9c27-407d6cc6b9a1",
              "isHook": true,
              "skipped": false
            }
          ],
          "afterHooks": [
            {
              "title": "\"after all\" hook",
              "fullTitle": "Manipulating pipelines \"after all\" hook",
              "timedOut": false,
              "duration": 0,
              "state": null,
              "speed": null,
              "pass": false,
              "fail": false,
              "pending": false,
              "context": null,
              "code": "fabric.close();",
              "err": {},
              "uuid": "86523074-53ba-4640-a941-bfa9492c2a23",
              "parentUUID": "ce47e702-9408-460d-9c27-407d6cc6b9a1",
              "isHook": true,
              "skipped": false
            }
          ],
          "tests": [],
          "suites": [
            {
              "uuid": "83a63415-c0a0-47d9-9cde-06b78f0702b8",
              "title": "fabric.getAllPipelines",
              "fullFile": "/home/abhishek/Documents/Macrometa/jsC8/lib/async/test/32-pipelines.js",
              "file": "/lib/async/test/32-pipelines.js",
              "beforeHooks": [],
              "afterHooks": [],
              "tests": [
                {
                  "title": "returns an empty array or an array of all pipelines",
                  "fullTitle": "Manipulating pipelines fabric.getAllPipelines returns an empty array or an array of all pipelines",
                  "timedOut": false,
                  "duration": 0,
                  "state": null,
                  "speed": null,
                  "pass": false,
                  "fail": false,
                  "pending": false,
                  "context": null,
                  "code": "const dcList = await fabric.getAllEdgeLocations();\nconst regions = helper_1.getDCListString(dcList).split(',');\nconst isEnabled = false;\nconst config = {\n    \"input\": {\n        \"type\": \"c8db\",\n        \"c8db\": {\n            \"name\": \"collection_namepl1\"\n        }\n    },\n    \"output\": {\n        \"type\": \"c8streams\",\n        \"c8streams\": {\n            \"name\": \"stream_namepl1\",\n            \"local\": true\n        }\n    }\n};\nconst result = await fabric.getPipelines();\nconst allPipelines = result.result;\nconst pipelinesCount = allPipelines.length;\nchai_1.expect(allPipelines).to.be.an('array');\nconst pipeline = fabric.pipeline('testPipeline');\nawait pipeline.create(regions, isEnabled, config);\nconst updatedResult = await fabric.getPipelines();\nconst updatedAllPipelines = updatedResult.result;\nconst expectedPipelinesCount = pipelinesCount + 1;\nchai_1.expect(updatedAllPipelines.length).to.equal(expectedPipelinesCount);",
                  "err": {},
                  "uuid": "4c9e4541-c929-43ea-b98b-b535075e11ba",
                  "parentUUID": null,
                  "isHook": false,
                  "skipped": true
                }
              ],
              "suites": [],
              "passes": [],
              "failures": [],
              "pending": [],
              "skipped": [
                "4c9e4541-c929-43ea-b98b-b535075e11ba"
              ],
              "duration": 0,
              "root": false,
              "rootEmpty": false,
              "_timeout": 50000
            },
            {
              "uuid": "d7a5771d-0b3c-4e75-bfd0-0e97454f1bd0",
              "title": "pipeline.create",
              "fullFile": "/home/abhishek/Documents/Macrometa/jsC8/lib/async/test/32-pipelines.js",
              "file": "/lib/async/test/32-pipelines.js",
              "beforeHooks": [],
              "afterHooks": [],
              "tests": [
                {
                  "title": "creates a new pipeline",
                  "fullTitle": "Manipulating pipelines pipeline.create creates a new pipeline",
                  "timedOut": false,
                  "duration": 0,
                  "state": null,
                  "speed": null,
                  "pass": false,
                  "fail": false,
                  "pending": false,
                  "context": null,
                  "code": "const dcList = await fabric.getAllEdgeLocations();\nconst regions = helper_1.getDCListString(dcList).split(',');\nconst isEnabled = false;\nconst config = {\n    \"input\": {\n        \"type\": \"c8db\",\n        \"c8db\": {\n            \"name\": \"collection_namepl2\"\n        }\n    },\n    \"output\": {\n        \"type\": \"c8streams\",\n        \"c8streams\": {\n            \"name\": \"stream_namepl2\",\n            \"local\": true\n        }\n    }\n};\nconst pipeline = fabric.pipeline('testPipeline2');\nconst response = await pipeline.create(regions, isEnabled, config);\nchai_1.expect(response.error).to.be.false;",
                  "err": {},
                  "uuid": "d46fc1b4-8fcc-4c7c-9428-929cc9bdd127",
                  "parentUUID": null,
                  "isHook": false,
                  "skipped": true
                }
              ],
              "suites": [],
              "passes": [],
              "failures": [],
              "pending": [],
              "skipped": [
                "d46fc1b4-8fcc-4c7c-9428-929cc9bdd127"
              ],
              "duration": 0,
              "root": false,
              "rootEmpty": false,
              "_timeout": 50000
            },
            {
              "uuid": "977f93ed-0162-45a8-8693-6b9a30c4a288",
              "title": "pipeline.drop",
              "fullFile": "/home/abhishek/Documents/Macrometa/jsC8/lib/async/test/32-pipelines.js",
              "file": "/lib/async/test/32-pipelines.js",
              "beforeHooks": [],
              "afterHooks": [],
              "tests": [
                {
                  "title": "deletes an existing pipeline",
                  "fullTitle": "Manipulating pipelines pipeline.drop deletes an existing pipeline",
                  "timedOut": false,
                  "duration": 0,
                  "state": null,
                  "speed": null,
                  "pass": false,
                  "fail": false,
                  "pending": false,
                  "context": null,
                  "code": "const resultObject = await fabric.getPipelines();\nconst allPipelines = resultObject.result;\nconst pipelineName = allPipelines[0].name;\nconst pipelinesCount = allPipelines.length;\nconst pipeline = fabric.pipeline(pipelineName);\nawait pipeline.drop();\nconst updatedResultObject = await fabric.getPipelines();\nconst updatedPipelines = updatedResultObject.result;\nconst updatedPipelinesCount = updatedPipelines.length;\nchai_1.expect(updatedPipelinesCount).to.equal(pipelinesCount - 1);",
                  "err": {},
                  "uuid": "974fb07f-e15e-4579-b48f-758d00cdf194",
                  "parentUUID": null,
                  "isHook": false,
                  "skipped": true
                }
              ],
              "suites": [],
              "passes": [],
              "failures": [],
              "pending": [],
              "skipped": [
                "974fb07f-e15e-4579-b48f-758d00cdf194"
              ],
              "duration": 0,
              "root": false,
              "rootEmpty": false,
              "_timeout": 50000
            },
            {
              "uuid": "25f09902-c84d-482c-81d8-6bc14301d77d",
              "title": "pipeline.details",
              "fullFile": "/home/abhishek/Documents/Macrometa/jsC8/lib/async/test/32-pipelines.js",
              "file": "/lib/async/test/32-pipelines.js",
              "beforeHooks": [],
              "afterHooks": [],
              "tests": [
                {
                  "title": "fetches the details of an existing pipeline",
                  "fullTitle": "Manipulating pipelines pipeline.details fetches the details of an existing pipeline",
                  "timedOut": false,
                  "duration": 0,
                  "state": null,
                  "speed": null,
                  "pass": false,
                  "fail": false,
                  "pending": false,
                  "context": null,
                  "code": "const resultObject = await fabric.getPipelines();\nconst allPipelines = resultObject.result;\nconst pipelineName = allPipelines[0].name;\nconst pipeline = fabric.pipeline(pipelineName);\nconst response = await pipeline.details();\nconst result = response.result;\nchai_1.expect(result).to.be.an('object');\nchai_1.expect(result).to.have.property('name');\nchai_1.expect(result).to.have.property('regions');\nchai_1.expect(result).to.have.property('enabled');\nchai_1.expect(result).to.have.property('config');",
                  "err": {},
                  "uuid": "be973dc0-2039-4654-b522-a3efe2eb3312",
                  "parentUUID": null,
                  "isHook": false,
                  "skipped": true
                }
              ],
              "suites": [],
              "passes": [],
              "failures": [],
              "pending": [],
              "skipped": [
                "be973dc0-2039-4654-b522-a3efe2eb3312"
              ],
              "duration": 0,
              "root": false,
              "rootEmpty": false,
              "_timeout": 50000
            },
            {
              "uuid": "ad996983-fe8d-4225-8184-f12506360369",
              "title": "pipeline.update",
              "fullFile": "/home/abhishek/Documents/Macrometa/jsC8/lib/async/test/32-pipelines.js",
              "file": "/lib/async/test/32-pipelines.js",
              "beforeHooks": [],
              "afterHooks": [],
              "tests": [
                {
                  "title": "updates an existing pipeline",
                  "fullTitle": "Manipulating pipelines pipeline.update updates an existing pipeline",
                  "timedOut": false,
                  "duration": 0,
                  "state": null,
                  "speed": null,
                  "pass": false,
                  "fail": false,
                  "pending": false,
                  "context": null,
                  "code": "const resultObject = await fabric.getPipelines();\nconst allPipelines = resultObject.result;\nconst pipelineName = allPipelines[0].name;\nconst pipeline = fabric.pipeline(pipelineName);\nconst response = await pipeline.details();\nconst { regions, enabled: isEnabled, config } = response.result;\nconst toggleEnabled = !isEnabled;\nconst updatedResultObject = await pipeline.update(regions, toggleEnabled, config);\nchai_1.expect(updatedResultObject.error).to.be.false;\nconst updatedPipeline = fabric.pipeline(pipelineName);\nconst detailsObject = await updatedPipeline.details();\nconst { enabled: updatedEnabledValue } = detailsObject.result;\nchai_1.expect(updatedEnabledValue).to.not.equal(isEnabled);\nchai_1.expect(updatedEnabledValue).to.equal(toggleEnabled);",
                  "err": {},
                  "uuid": "721e6d5c-d226-4f43-b588-b98f85bd00ce",
                  "parentUUID": null,
                  "isHook": false,
                  "skipped": true
                }
              ],
              "suites": [],
              "passes": [],
              "failures": [],
              "pending": [],
              "skipped": [
                "721e6d5c-d226-4f43-b588-b98f85bd00ce"
              ],
              "duration": 0,
              "root": false,
              "rootEmpty": false,
              "_timeout": 50000
            }
          ],
          "passes": [],
          "failures": [],
          "pending": [],
          "skipped": [],
          "duration": 0,
          "root": false,
          "rootEmpty": false,
          "_timeout": 50000
        },
        {
          "uuid": "3ed096c0-3269-4d51-a86a-5562bcc54259",
          "title": "fabric.route",
          "fullFile": "/home/abhishek/Documents/Macrometa/jsC8/lib/async/test/32-pipelines.js",
          "file": "/lib/async/test/32-pipelines.js",
          "beforeHooks": [],
          "afterHooks": [],
          "tests": [
            {
              "title": "returns a Route instance",
              "fullTitle": "fabric.route returns a Route instance",
              "timedOut": false,
              "duration": 0,
              "state": "passed",
              "speed": "fast",
              "pass": true,
              "fail": false,
              "pending": false,
              "context": null,
              "code": "const route = fabric.route();\nchai_1.expect(route).to.be.an.instanceof(route_1.Route);",
              "err": {},
              "uuid": "d89bc65a-0c77-4694-b625-7408ae72b906",
              "parentUUID": "3ed096c0-3269-4d51-a86a-5562bcc54259",
              "isHook": false,
              "skipped": false
            },
            {
              "title": "creates a route for the given path",
              "fullTitle": "fabric.route creates a route for the given path",
              "timedOut": false,
              "duration": 0,
              "state": "passed",
              "speed": "fast",
              "pass": true,
              "fail": false,
              "pending": false,
              "context": null,
              "code": "const path = \"/hi\";\nconst route = fabric.route(path);\nchai_1.expect(route._path).to.equal(path);",
              "err": {},
              "uuid": "153fdc5e-3869-4570-b2a6-5ca4bdf432b4",
              "parentUUID": "3ed096c0-3269-4d51-a86a-5562bcc54259",
              "isHook": false,
              "skipped": false
            },
            {
              "title": "passes the given headers to the new route",
              "fullTitle": "fabric.route passes the given headers to the new route",
              "timedOut": false,
              "duration": 0,
              "state": "passed",
              "speed": "fast",
              "pass": true,
              "fail": false,
              "pending": false,
              "context": null,
              "code": "const route = fabric.route(\"/hello\", { \"x-magic\": \"awesome\" });\nchai_1.expect(route._headers).to.have.property(\"x-magic\", \"awesome\");",
              "err": {},
              "uuid": "4fd5a36b-37fb-4eea-8a42-47a8451272d1",
              "parentUUID": "3ed096c0-3269-4d51-a86a-5562bcc54259",
              "isHook": false,
              "skipped": false
            }
          ],
          "suites": [],
          "passes": [
            "d89bc65a-0c77-4694-b625-7408ae72b906",
            "153fdc5e-3869-4570-b2a6-5ca4bdf432b4",
            "4fd5a36b-37fb-4eea-8a42-47a8451272d1"
          ],
          "failures": [],
          "pending": [],
          "skipped": [],
          "duration": 0,
          "root": false,
          "rootEmpty": false,
          "_timeout": 20000
        }
      ],
      "passes": [],
      "failures": [],
      "pending": [],
      "skipped": [],
      "duration": 0,
      "root": true,
      "rootEmpty": true,
      "_timeout": 20000
    }
  ],
  "meta": {
    "mocha": {
      "version": "5.2.0"
    },
    "mochawesome": {
      "options": {
        "quiet": false,
        "reportFilename": "mochawesome",
        "saveHtml": true,
        "saveJson": true,
        "consoleReporter": "spec",
        "useInlineDiffs": false
      },
      "version": "4.1.0"
    },
    "marge": {
      "options": {},
      "version": "4.1.0"
    }
  }
}